<?xml version="1.0" encoding="utf-8"?>
<TestRun id="4ed9f42b-903d-4d3b-9549-87adfb5dc9c3" name="soren@SOREN_NORTH 2026-08-03 12:11:08" runUser="SOREN_NORTH\soren" xmlns="http://microsoft.com/schemas/VisualStudio/TeamTest/2010">
  <Times creation="2026-08-03T12:11:08.8272077-04:00" queuing="2026-08-03T12:11:08.8272079-04:00" start="2026-08-03T12:11:06.8043220-04:00" finish="2026-08-03T12:11:39.8091640-04:00" />
  <TestSettings name="default" id="1decbd52-f18a-4fcd-b1cc-a2bc89ce1068">
    <Deployment runDeploymentRoot="soren_SOREN_NORTH_2026-08-03_12_11_08" />
  </TestSettings>
  <Results>
    <UnitTestResult executionId="ae055391-79cc-4ba4-b038-24a45c5d5303" testId="e481908f-78e0-bb0e-5cdf-e819fd96dd18" testName="CcDirector.Setup.Engine.Tests.PythonToolsHealAndShimTests.LegacyAliasShimNames_NameNoShippedTool" computerName="SOREN_NORTH" duration="00:00:00.0015288" startTime="2026-08-03T12:11:39.4239324-04:00" endTime="2026-08-03T12:11:39.4239325-04:00" testType="13cdc9d9-ddb5-4fa4-a97d-d965ccfc6d4b" outcome="Passed" testListId="8c84fa94-04c1-424b-9868-57a2d4851a1d" relativeResultsDirectory="ae055391-79cc-4ba4-b038-24a45c5d5303" />
    <UnitTestResult executionId="e29aea10-3538-4427-91e5-c2825610a35c" testId="be4bec74-22a6-9f45-21e0-96d28e5a815f" testName="CcDirector.Setup.Engine.Tests.ToolReconcilerTests.ReconcileAsync_NoDrift_ReturnsInSync_NoMutation" computerName="SOREN_NORTH" duration="00:00:00.1043029" startTime="2026-08-03T12:11:09.4491857-04:00" endTime="2026-08-03T12:11:09.4491860-04:00" testType="13cdc9d9-ddb5-4fa4-a97d-d965ccfc6d4b" outcome="Passed" testListId="8c84fa94-04c1-424b-9868-57a2d4851a1d" relativeResultsDirectory="e29aea10-3538-4427-91e5-c2825610a35c" />
    <UnitTestResult executionId="a3f9a893-ba67-41ef-b793-15a5a8e27e89" testId="9d60870a-a52e-a393-4a94-347b33438b40" testName="CcDirector.Setup.Engine.Tests.ToolReconcilerTests.ReconcileAsync_ShimOnlyDrift_DoesNotEnterHeavyPath" computerName="SOREN_NORTH" duration="00:00:00.1879618" startTime="2026-08-03T12:11:09.0340260-04:00" endTime="2026-08-03T12:11:09.0340262-04:00" testType="13cdc9d9-ddb5-4fa4-a97d-d965ccfc6d4b" outcome="Passed" testListId="8c84fa94-04c1-424b-9868-57a2d4851a1d" relativeResultsDirectory="a3f9a893-ba67-41ef-b793-15a5a8e27e89" />
    <UnitTestResult executionId="30a656a4-d6be-4a36-90e7-4691b82e7220" testId="fab33df0-145a-89cd-42ff-d1ca71da3a05" testName="CcDirector.Setup.Engine.Tests.ToolReconcilerTests.ReconcileAsync_BundleRecorded_DoesNotReprovision" computerName="SOREN_NORTH" duration="00:00:00.0858942" startTime="2026-08-03T12:11:10.1029085-04:00" endTime="2026-08-03T12:11:10.1029090-04:00" testType="13cdc9d9-ddb5-4fa4-a97d-d965ccfc6d4b" outcome="Passed" testListId="8c84fa94-04c1-424b-9868-57a2d4851a1d" relativeResultsDirectory="30a656a4-d6be-4a36-90e7-4691b82e7220" />
    <UnitTestResult executionId="1e207979-6b60-40d5-b23d-e6a6b59954f1" testId="8b731be6-c638-87e3-926e-e2b00b718150" testName="CcDirector.Setup.Engine.Tests.UpdateRunnerTests.Install_RecordsVersionInInstalledManifest" computerName="SOREN_NORTH" duration="00:00:00.0247673" startTime="2026-08-03T12:11:08.8487176-04:00" endTime="2026-08-03T12:11:08.8487434-04:00" testType="13cdc9d9-ddb5-4fa4-a97d-d965ccfc6d4b" outcome="Passed" testListId="8c84fa94-04c1-424b-9868-57a2d4851a1d" relativeResultsDirectory="1e207979-6b60-40d5-b23d-e6a6b59954f1" />
    <UnitTestResult executionId="1e7b6d8c-5e27-4692-9bb3-5e4c78cba549" testId="44bf05a4-cf4d-53bf-8f27-e36f2aaaaa4c" testName="CcDirector.Setup.Engine.Tests.UpdatePinsTests.JsonRoundTrip_PreservesPins" computerName="SOREN_NORTH" duration="00:00:00.0064685" startTime="2026-08-03T12:11:08.8154657-04:00" endTime="2026-08-03T12:11:08.8154658-04:00" testType="13cdc9d9-ddb5-4fa4-a97d-d965ccfc6d4b" outcome="Passed" testListId="8c84fa94-04c1-424b-9868-57a2d4851a1d" relativeResultsDirectory="1e7b6d8c-5e27-4692-9bb3-5e4c78cba549" />
    <UnitTestResult executionId="8ced23f6-1913-4763-a535-069557f32fc9" testId="b42727c7-8155-074a-f9dd-070c3aff9948" testName="CcDirector.Setup.Engine.Tests.LauncherHealthProbeIdentityTests.Certifies_ANotOkAnswer_IsRefusedEvenFromTheRightProcess" computerName="SOREN_NORTH" duration="00:00:00.0001166" startTime="2026-08-03T12:11:08.9239323-04:00" endTime="2026-08-03T12:11:08.9239325-04:00" testType="13cdc9d9-ddb5-4fa4-a97d-d965ccfc6d4b" outcome="Passed" testListId="8c84fa94-04c1-424b-9868-57a2d4851a1d" relativeResultsDirectory="8ced23f6-1913-4763-a535-069557f32fc9" />
    <UnitTestResult executionId="229464e4-9cc9-4d39-9ff7-a78b43a5aa50" testId="c37c25bb-9562-ffee-4a06-f4bef5e39657" testName="CcDirector.Setup.Engine.Tests.InstallLayoutTests.PathFor_GatewayAndLauncher_AreUnderTheUserRoot" computerName="SOREN_NORTH" duration="00:00:00.0003584" startTime="2026-08-03T12:11:08.9221388-04:00" endTime="2026-08-03T12:11:08.9221389-04:00" testType="13cdc9d9-ddb5-4fa4-a97d-d965ccfc6d4b" outcome="Passed" testListId="8c84fa94-04c1-424b-9868-57a2d4851a1d" relativeResultsDirectory="229464e4-9cc9-4d39-9ff7-a78b43a5aa50" />
    <UnitTestResult executionId="c84dd60b-5291-4a9b-a394-f18a5d713501" testId="1b5f16c3-105a-4b42-ad36-88b927321581" testName="CcDirector.Setup.Engine.Tests.AgentPresenceTests.AnyAgentIn_SurvivesAnUnusableDirectoryEntry" computerName="SOREN_NORTH" duration="00:00:00.0026960" startTime="2026-08-03T12:11:08.9026892-04:00" endTime="2026-08-03T12:11:08.9026894-04:00" testType="13cdc9d9-ddb5-4fa4-a97d-d965ccfc6d4b" outcome="Passed" testListId="8c84fa94-04c1-424b-9868-57a2d4851a1d" relativeResultsDirectory="c84dd60b-5291-4a9b-a394-f18a5d713501" />
    <UnitTestResult executionId="f40f5e06-485d-4a7f-94cc-43a3121e5799" testId="2a453f88-b2c4-4359-6e99-8ad21a992488" testName="CcDirector.Setup.Engine.Tests.LauncherHealthProbeIdentityTests.Certifies_TheProcessTheInstallerStarted_IsAccepted" computerName="SOREN_NORTH" duration="00:00:00.0002313" startTime="2026-08-03T12:11:08.9232784-04:00" endTime="2026-08-03T12:11:08.9232785-04:00" testType="13cdc9d9-ddb5-4fa4-a97d-d965ccfc6d4b" outcome="Passed" testListId="8c84fa94-04c1-424b-9868-57a2d4851a1d" relativeResultsDirectory="f40f5e06-485d-4a7f-94cc-43a3121e5799" />
    <UnitTestResult executionId="efe54e94-4f20-498a-91ed-3791f775d137" testId="2d9aa494-393f-f534-f0fa-5906735bd747" testName="CcDirector.Setup.Engine.Tests.LauncherHealthProbeIdentityTests.Certifies_AnAnswerWithNoProcessId_IsRefusedWhenOneWasExpected" computerName="SOREN_NORTH" duration="00:00:00.0001572" startTime="2026-08-03T12:11:08.9237646-04:00" endTime="2026-08-03T12:11:08.9237648-04:00" testType="13cdc9d9-ddb5-4fa4-a97d-d965ccfc6d4b" outcome="Passed" testListId="8c84fa94-04c1-424b-9868-57a2d4851a1d" relativeResultsDirectory="efe54e94-4f20-498a-91ed-3791f775d137" />
    <UnitTestResult executionId="be9927c0-5762-4c3e-bdac-384114492eff" testId="677de94e-aacf-8a5d-0f2c-8f3ba55c6ad3" testName="CcDirector.Setup.Engine.Tests.GatewayAccountEnrollRunnerTestAddressTests.TestGatewayAddressAsync_TransportFails_Fails" computerName="SOREN_NORTH" duration="00:00:00.4278293" startTime="2026-08-03T12:11:08.8016933-04:00" endTime="2026-08-03T12:11:08.8016934-04:00" testType="13cdc9d9-ddb5-4fa4-a97d-d965ccfc6d4b" outcome="Passed" testListId="8c84fa94-04c1-424b-9868-57a2d4851a1d" relativeResultsDirectory="be9927c0-5762-4c3e-bdac-384114492eff" />
    <UnitTestResult executionId="62c97cd7-93c2-4db0-a3fc-f1d95ae2a45b" testId="f3c54401-c19c-72dd-fca3-e8ec7458ec26" testName="CcDirector.Setup.Engine.Tests.AgentPresenceTests.AnyAgent_FindsASingleAgent_AndReportsNoneWhenThereIsNone" computerName="SOREN_NORTH" duration="00:00:00.0006024" startTime="2026-08-03T12:11:08.9050478-04:00" endTime="2026-08-03T12:11:08.9050479-04:00" testType="13cdc9d9-ddb5-4fa4-a97d-d965ccfc6d4b" outcome="Passed" testListId="8c84fa94-04c1-424b-9868-57a2d4851a1d" relativeResultsDirectory="62c97cd7-93c2-4db0-a3fc-f1d95ae2a45b" />
    <UnitTestResult executionId="e0e0b4a1-e372-47d7-8c91-dd27675f4cd1" testId="84a88acc-e440-cdd2-35d2-00ce0adefb3f" testName="CcDirector.Setup.Engine.Tests.PythonToolsCrashSafeTests.InstallAsync_IncompleteStagedPython_LeavesLivePythonUntouched" computerName="SOREN_NORTH" duration="00:00:25.2512417" startTime="2026-08-03T12:11:39.4187533-04:00" endTime="2026-08-03T12:11:39.4187537-04:00" testType="13cdc9d9-ddb5-4fa4-a97d-d965ccfc6d4b" outcome="Passed" testListId="8c84fa94-04c1-424b-9868-57a2d4851a1d" relativeResultsDirectory="e0e0b4a1-e372-47d7-8c91-dd27675f4cd1" />
    <UnitTestResult executionId="a1a839c2-5136-4ec8-93ec-a053c8f5cbb1" testId="276eda3d-77f9-9a45-8383-c8398bd1cd32" testName="CcDirector.Setup.Engine.Tests.SelfHostConnectTests.StartGateway_NoneRunning_StartsAndOwnsIt" computerName="SOREN_NORTH" duration="00:00:00.0035539" startTime="2026-08-03T12:11:08.9453189-04:00" endTime="2026-08-03T12:11:08.9453191-04:00" testType="13cdc9d9-ddb5-4fa4-a97d-d965ccfc6d4b" outcome="Passed" testListId="8c84fa94-04c1-424b-9868-57a2d4851a1d" relativeResultsDirectory="a1a839c2-5136-4ec8-93ec-a053c8f5cbb1" />
    <UnitTestResult executionId="0ae73bfc-dbdd-49c8-8c58-eab451ff88e0" testId="281b26d1-8607-34b0-8314-bb3f70940855" testName="CcDirector.Setup.Engine.Tests.UninstallerTests.Plan_ListsNothingInsideTheUsersSkillsFolder" computerName="SOREN_NORTH" duration="00:00:00.0054342" startTime="2026-08-03T12:11:08.9158880-04:00" endTime="2026-08-03T12:11:08.9158882-04:00" testType="13cdc9d9-ddb5-4fa4-a97d-d965ccfc6d4b" outcome="Passed" testListId="8c84fa94-04c1-424b-9868-57a2d4851a1d" relativeResultsDirectory="0ae73bfc-dbdd-49c8-8c58-eab451ff88e0" />
    <UnitTestResult executionId="0817021d-c891-4288-93a5-f2c365e2d834" testId="f3b2e2a8-6915-fd60-b7c5-b2c13c54dd05" testName="CcDirector.Setup.Engine.Tests.VersionUtilTests.CanonicalTag_KeepsSuffixDropsDecorationAndLowercases(input: null, expected: &quot;&quot;)" computerName="SOREN_NORTH" duration="00:00:00.0000013" startTime="2026-08-03T12:11:08.9390326-04:00" endTime="2026-08-03T12:11:08.9390327-04:00" testType="13cdc9d9-ddb5-4fa4-a97d-d965ccfc6d4b" outcome="Passed" testListId="8c84fa94-04c1-424b-9868-57a2d4851a1d" relativeResultsDirectory="0817021d-c891-4288-93a5-f2c365e2d834" />
    <UnitTestResult executionId="08af495a-fe66-49ad-8ffe-d5fd76a5c7d8" testId="de7ed8ea-e9af-90ee-4c0e-602e8cd4d12e" testName="CcDirector.Setup.Engine.Tests.DirectorUpdateApplyTests.NewBuildComesUp_Swaps_ReportsUpdated_AndRemovesTheBackup" computerName="SOREN_NORTH" duration="00:00:00.0061615" startTime="2026-08-03T12:11:10.7876208-04:00" endTime="2026-08-03T12:11:10.7876209-04:00" testType="13cdc9d9-ddb5-4fa4-a97d-d965ccfc6d4b" outcome="Passed" testListId="8c84fa94-04c1-424b-9868-57a2d4851a1d" relativeResultsDirectory="08af495a-fe66-49ad-8ffe-d5fd76a5c7d8" />
    <UnitTestResult executionId="a1d4be05-3010-4db4-92d0-fc304e0003cb" testId="a6957094-fbd2-1f4c-0f88-ff0e3fbbaaf1" testName="CcDirector.Setup.Engine.Tests.ReleaseSourceTests.DownloadAssetAsync_HttpSource_NoProgress_StillStagesFile" computerName="SOREN_NORTH" duration="00:00:00.0299473" startTime="2026-08-03T12:11:08.9578967-04:00" endTime="2026-08-03T12:11:08.9578969-04:00" testType="13cdc9d9-ddb5-4fa4-a97d-d965ccfc6d4b" outcome="Passed" testListId="8c84fa94-04c1-424b-9868-57a2d4851a1d" relativeResultsDirectory="a1d4be05-3010-4db4-92d0-fc304e0003cb" />
    <UnitTestResult executionId="23a71563-a73d-4f2a-9275-8b1dc09603f1" testId="1142e24c-b67f-84dd-522d-7ab5670a1e2b" testName="CcDirector.Setup.Engine.Tests.OrchestratorTests.RunAsync_InstallsMissingComponent" computerName="SOREN_NORTH" duration="00:00:00.0389899" startTime="2026-08-03T12:11:08.8596644-04:00" endTime="2026-08-03T12:11:08.8596647-04:00" testType="13cdc9d9-ddb5-4fa4-a97d-d965ccfc6d4b" outcome="Passed" testListId="8c84fa94-04c1-424b-9868-57a2d4851a1d" relativeResultsDirectory="23a71563-a73d-4f2a-9275-8b1dc09603f1" />
    <UnitTestResult executionId="042060c4-5bd3-432e-a9ae-bb1daedf64fa" testId="53351283-426e-0839-d814-11cf7032e36c" testName="CcDirector.Setup.Engine.Tests.ToolReconcilerTests.ReconcileAsync_OrphanedLegacyShim_Purged_ReturnsReconciled" computerName="SOREN_NORTH" duration="00:00:00.0781434" startTime="2026-08-03T12:11:09.2089202-04:00" endTime="2026-08-03T12:11:09.2089205-04:00" testType="13cdc9d9-ddb5-4fa4-a97d-d965ccfc6d4b" outcome="Passed" testListId="8c84fa94-04c1-424b-9868-57a2d4851a1d" relativeResultsDirectory="042060c4-5bd3-432e-a9ae-bb1daedf64fa" />
    <UnitTestResult executionId="f4271220-51fa-47a1-92be-d1cfad481dad" testId="911158df-30a9-cde8-0c19-99292e723b83" testName="CcDirector.Setup.Engine.Tests.SetupExecutableVersionTests.Strip_RemovesSourceLinkMetadata(input: &quot;1.0.7&quot;, expected: &quot;1.0.7&quot;)" computerName="SOREN_NORTH" duration="00:00:00.0000038" startTime="2026-08-03T12:11:08.8137493-04:00" endTime="2026-08-03T12:11:08.8137495-04:00" testType="13cdc9d9-ddb5-4fa4-a97d-d965ccfc6d4b" outcome="Passed" testListId="8c84fa94-04c1-424b-9868-57a2d4851a1d" relativeResultsDirectory="f4271220-51fa-47a1-92be-d1cfad481dad" />
    <UnitTestResult executionId="4f75c000-dc03-4fa6-af1a-4379fb638b1a" testId="10f8e64e-2e7f-1f8f-4ba6-8c3155f4be79" testName="CcDirector.Setup.Engine.Tests.ComponentRegistryTests.Workstation_ExcludesGateway" computerName="SOREN_NORTH" duration="00:00:00.0011617" startTime="2026-08-03T12:11:08.8626171-04:00" endTime="2026-08-03T12:11:08.8626171-04:00" testType="13cdc9d9-ddb5-4fa4-a97d-d965ccfc6d4b" outcome="Passed" testListId="8c84fa94-04c1-424b-9868-57a2d4851a1d" relativeResultsDirectory="4f75c000-dc03-4fa6-af1a-4379fb638b1a" />
    <UnitTestResult executionId="0b7f4660-7deb-4a18-9e39-a37ee89a1f0c" testId="95e33028-f435-fe59-5ad2-971b578d4669" testName="CcDirector.Setup.Engine.Tests.LauncherLaunchdAutostartTests.PlistContent_WritesLogPathsUnderLogDir" computerName="SOREN_NORTH" duration="00:00:00.0003232" startTime="2026-08-03T12:11:08.9046339-04:00" endTime="2026-08-03T12:11:08.9046341-04:00" testType="13cdc9d9-ddb5-4fa4-a97d-d965ccfc6d4b" outcome="Passed" testListId="8c84fa94-04c1-424b-9868-57a2d4851a1d" relativeResultsDirectory="0b7f4660-7deb-4a18-9e39-a37ee89a1f0c" />
    <UnitTestResult executionId="d795bc86-71e8-4de2-8ec5-10048fbb05fd" testId="6af29de1-7cb7-d896-0b44-2775f129465c" testName="CcDirector.Setup.Engine.Tests.SelfHostOrchestratorTests.RunAsync_Failure_UndoesOnlyWhatThisRunCreated_NewestFirst" computerName="SOREN_NORTH" duration="00:00:00.0007816" startTime="2026-08-03T12:11:08.9904558-04:00" endTime="2026-08-03T12:11:08.9904559-04:00" testType="13cdc9d9-ddb5-4fa4-a97d-d965ccfc6d4b" outcome="Passed" testListId="8c84fa94-04c1-424b-9868-57a2d4851a1d" relativeResultsDirectory="d795bc86-71e8-4de2-8ec5-10048fbb05fd" />
    <UnitTestResult executionId="9cbfb5f5-6d6d-4f44-ba60-4ef1cdedd59a" testId="bfbdb6af-0d16-fb15-ccaf-074b00d39703" testName="CcDirector.Setup.Engine.Tests.ToolReconcilerTests.ReconcileAsync_EmptyToolsState_ProvisionFails_ReturnsFailed" computerName="SOREN_NORTH" duration="00:00:00.0019937" startTime="2026-08-03T12:11:10.0168531-04:00" endTime="2026-08-03T12:11:10.0168533-04:00" testType="13cdc9d9-ddb5-4fa4-a97d-d965ccfc6d4b" outcome="Passed" testListId="8c84fa94-04c1-424b-9868-57a2d4851a1d" relativeResultsDirectory="9cbfb5f5-6d6d-4f44-ba60-4ef1cdedd59a" />
    <UnitTestResult executionId="bf810300-8883-4da9-91df-da9a9db5ffd4" testId="1cd54199-7297-3d61-6c2b-5b453abd5282" testName="CcDirector.Setup.Engine.Tests.ToolAutoUpdateConfigTests.Load_CorruptFile_ReturnsEnabledByDefault" computerName="SOREN_NORTH" duration="00:00:00.0062636" startTime="2026-08-03T12:11:08.9779989-04:00" endTime="2026-08-03T12:11:08.9779990-04:00" testType="13cdc9d9-ddb5-4fa4-a97d-d965ccfc6d4b" outcome="Passed" testListId="8c84fa94-04c1-424b-9868-57a2d4851a1d" relativeResultsDirectory="bf810300-8883-4da9-91df-da9a9db5ffd4" />
    <UnitTestResult executionId="e59420f5-4d4a-4f1e-b2a7-083fa3c1db29" testId="ac2bfde3-1c94-67e4-6f5f-6f93e78a1448" testName="CcDirector.Setup.Engine.Tests.GatewayUpdaterTests.Stage_DownloadsVerifiedExe_ToStagingPath" computerName="SOREN_NORTH" duration="00:00:00.0555901" startTime="2026-08-03T12:11:08.8988540-04:00" endTime="2026-08-03T12:11:08.8988547-04:00" testType="13cdc9d9-ddb5-4fa4-a97d-d965ccfc6d4b" outcome="Passed" testListId="8c84fa94-04c1-424b-9868-57a2d4851a1d" relativeResultsDirectory="e59420f5-4d4a-4f1e-b2a7-083fa3c1db29" />
    <UnitTestResult executionId="755d081c-a391-4cca-927a-3ba4cc8d048c" testId="023547e5-967c-aa1d-b02d-89696344e173" testName="CcDirector.Setup.Engine.Tests.UpdatePinsTests.FromJson_EmptyOrNull_IsEmpty" computerName="SOREN_NORTH" duration="00:00:00.0004840" startTime="2026-08-03T12:11:08.8131275-04:00" endTime="2026-08-03T12:11:08.8131276-04:00" testType="13cdc9d9-ddb5-4fa4-a97d-d965ccfc6d4b" outcome="Passed" testListId="8c84fa94-04c1-424b-9868-57a2d4851a1d" relativeResultsDirectory="755d081c-a391-4cca-927a-3ba4cc8d048c" />
    <UnitTestResult executionId="1b563c1f-3d6d-4072-8409-909e251be577" testId="9c249370-2512-6a69-5b65-440ec070d6a9" testName="CcDirector.Setup.Engine.Tests.LauncherHealthProbeIdentityTests.Certifies_WithNoProcessExpectation_FallsBackToVersionOnly" computerName="SOREN_NORTH" duration="00:00:00.0001178" startTime="2026-08-03T12:11:08.9240798-04:00" endTime="2026-08-03T12:11:08.9240799-04:00" testType="13cdc9d9-ddb5-4fa4-a97d-d965ccfc6d4b" outcome="Passed" testListId="8c84fa94-04c1-424b-9868-57a2d4851a1d" relativeResultsDirectory="1b563c1f-3d6d-4072-8409-909e251be577" />
    <UnitTestResult executionId="c458d4cc-0624-467e-9722-51b7d859d60a" testId="2e4764ea-222e-545f-dca2-fe62d9f1af55" testName="CcDirector.Setup.Engine.Tests.LauncherReadinessWaitTests.ACancelledInstall_SaysSo_RatherThanBlamingTheLauncher" computerName="SOREN_NORTH" duration="00:00:00.0604273" startTime="2026-08-03T12:11:11.4148354-04:00" endTime="2026-08-03T12:11:11.4148355-04:00" testType="13cdc9d9-ddb5-4fa4-a97d-d965ccfc6d4b" outcome="Passed" testListId="8c84fa94-04c1-424b-9868-57a2d4851a1d" relativeResultsDirectory="c458d4cc-0624-467e-9722-51b7d859d60a" />
    <UnitTestResult executionId="44a04d6e-f9ff-422a-8d3a-770152596e21" testId="0bbd4274-7fa0-3cae-8036-650de9066dec" testName="CcDirector.Setup.Engine.Tests.InstalledRoleDetectorTests.Detect_GatewayExePresent_IsGateway" computerName="SOREN_NORTH" duration="00:00:00.0004285" startTime="2026-08-03T12:11:08.8115998-04:00" endTime="2026-08-03T12:11:08.8115999-04:00" testType="13cdc9d9-ddb5-4fa4-a97d-d965ccfc6d4b" outcome="Passed" testListId="8c84fa94-04c1-424b-9868-57a2d4851a1d" relativeResultsDirectory="44a04d6e-f9ff-422a-8d3a-770152596e21" />
    <UnitTestResult executionId="ae5c4a64-e41e-48ff-aaa4-bae45c5d0039" testId="e6ceb1e4-fd18-a864-2f30-406059e135cb" testName="CcDirector.Setup.Engine.Tests.UpdateRunnerTests.Install_PlacesFileAndReportsInstalled" computerName="SOREN_NORTH" duration="00:00:00.0305304" startTime="2026-08-03T12:11:08.8240091-04:00" endTime="2026-08-03T12:11:08.8240093-04:00" testType="13cdc9d9-ddb5-4fa4-a97d-d965ccfc6d4b" outcome="Passed" testListId="8c84fa94-04c1-424b-9868-57a2d4851a1d" relativeResultsDirectory="ae5c4a64-e41e-48ff-aaa4-bae45c5d0039" />
    <UnitTestResult executionId="6f37aace-bbc7-4b1d-92be-7b0e7da07cac" testId="dbeabc56-1b76-ffc1-43d7-7394f3db032c" testName="CcDirector.Setup.Engine.Tests.UninstallerTests.WipeUserData_RefusesRoot_NotNamedCcDirector" computerName="SOREN_NORTH" duration="00:00:00.0174064" startTime="2026-08-03T12:11:08.8819456-04:00" endTime="2026-08-03T12:11:08.8819457-04:00" testType="13cdc9d9-ddb5-4fa4-a97d-d965ccfc6d4b" outcome="Passed" testListId="8c84fa94-04c1-424b-9868-57a2d4851a1d" relativeResultsDirectory="6f37aace-bbc7-4b1d-92be-7b0e7da07cac" />
    <UnitTestResult executionId="d59ed9a4-eb96-42ef-b0f2-363df2bfa061" testId="a48feab2-eff7-a362-3903-6162888562c6" testName="CcDirector.Setup.Engine.Tests.ToolReconcilerTests.ReconcileAsync_BrokenVenv_HeavyRepairFails_ReturnsFailed" computerName="SOREN_NORTH" duration="00:00:00.1000867" startTime="2026-08-03T12:11:10.3873133-04:00" endTime="2026-08-03T12:11:10.3873143-04:00" testType="13cdc9d9-ddb5-4fa4-a97d-d965ccfc6d4b" outcome="Passed" testListId="8c84fa94-04c1-424b-9868-57a2d4851a1d" relativeResultsDirectory="d59ed9a4-eb96-42ef-b0f2-363df2bfa061" />
    <UnitTestResult executionId="dd50cb02-fefc-4344-9cc1-e12f92835ba7" testId="e4aa1f2c-2722-13c4-87b9-be4f73216dbf" testName="CcDirector.Setup.Engine.Tests.VersionUtilTests.HasPreReleaseSuffix_DetectsSuffixAfterStrippingDecoration(input: &quot;v1.1.0-rc4&quot;, expected: True)" computerName="SOREN_NORTH" duration="00:00:00.0000038" startTime="2026-08-03T12:11:08.9396938-04:00" endTime="2026-08-03T12:11:08.9396938-04:00" testType="13cdc9d9-ddb5-4fa4-a97d-d965ccfc6d4b" outcome="Passed" testListId="8c84fa94-04c1-424b-9868-57a2d4851a1d" relativeResultsDirectory="dd50cb02-fefc-4344-9cc1-e12f92835ba7" />
    <UnitTestResult executionId="9b45dc25-73d9-4947-8e51-6769e8713295" testId="636454e8-1492-9272-f6cb-692c10493907" testName="CcDirector.Setup.Engine.Tests.TailscaleServeTeardownTests.RemoveFrontDoor_TargetsThe443OffCommand" computerName="SOREN_NORTH" duration="00:00:00.0005181" startTime="2026-08-03T12:11:08.8054824-04:00" endTime="2026-08-03T12:11:08.8054825-04:00" testType="13cdc9d9-ddb5-4fa4-a97d-d965ccfc6d4b" outcome="Passed" testListId="8c84fa94-04c1-424b-9868-57a2d4851a1d" relativeResultsDirectory="9b45dc25-73d9-4947-8e51-6769e8713295" />
    <UnitTestResult executionId="0c228d3e-c6c7-4105-ae4c-e37e4b39398e" testId="1f43fb72-137c-1713-0de7-1be3df1b3324" testName="CcDirector.Setup.Engine.Tests.PythonToolsHealAndShimTests.LegacyAliasShimNames_AreTheRetiredFleetCommandsPlusUnshippedTools" computerName="SOREN_NORTH" duration="00:00:00.0007693" startTime="2026-08-03T12:11:39.4247706-04:00" endTime="2026-08-03T12:11:39.4247707-04:00" testType="13cdc9d9-ddb5-4fa4-a97d-d965ccfc6d4b" outcome="Passed" testListId="8c84fa94-04c1-424b-9868-57a2d4851a1d" relativeResultsDirectory="0c228d3e-c6c7-4105-ae4c-e37e4b39398e" />
    <UnitTestResult executionId="8c46ed8a-e826-47ce-a15e-12020213d402" testId="c7719277-f94a-da04-2c89-68fd02efc998" testName="CcDirector.Setup.Engine.Tests.LauncherLaunchdAutostartTests.PlistContent_EscapesXmlCharacters" computerName="SOREN_NORTH" duration="00:00:00.0002522" startTime="2026-08-03T12:11:08.9036383-04:00" endTime="2026-08-03T12:11:08.9036385-04:00" testType="13cdc9d9-ddb5-4fa4-a97d-d965ccfc6d4b" outcome="Passed" testListId="8c84fa94-04c1-424b-9868-57a2d4851a1d" relativeResultsDirectory="8c46ed8a-e826-47ce-a15e-12020213d402" />
    <UnitTestResult executionId="dad36cf6-40ed-449c-8516-837671925b67" testId="7564e210-521e-9584-72e5-5361301ccf3d" testName="CcDirector.Setup.Engine.Tests.InstalledStateReaderTests.DefaultExists_Directory_True" computerName="SOREN_NORTH" duration="00:00:00.0026218" startTime="2026-08-03T12:11:08.8066178-04:00" endTime="2026-08-03T12:11:08.8066178-04:00" testType="13cdc9d9-ddb5-4fa4-a97d-d965ccfc6d4b" outcome="Passed" testListId="8c84fa94-04c1-424b-9868-57a2d4851a1d" relativeResultsDirectory="dad36cf6-40ed-449c-8516-837671925b67" />
    <UnitTestResult executionId="548e72b1-1941-4c67-8493-043f3f910fed" testId="268236c5-56c2-f62d-36a8-6a461ad09f14" testName="CcDirector.Setup.Engine.Tests.ReleaseNotReadyTests.Retry_CoversTheMeasuredWindowWithMargin_ThenGivesUp" computerName="SOREN_NORTH" duration="00:00:00.0017833" startTime="2026-08-03T12:11:08.8088382-04:00" endTime="2026-08-03T12:11:08.8088382-04:00" testType="13cdc9d9-ddb5-4fa4-a97d-d965ccfc6d4b" outcome="Passed" testListId="8c84fa94-04c1-424b-9868-57a2d4851a1d" relativeResultsDirectory="548e72b1-1941-4c67-8493-043f3f910fed" />
    <UnitTestResult executionId="303a23ff-d02e-475b-a8b2-14af0a20d19c" testId="17320a3c-ac7b-b686-7456-0956f212ed71" testName="CcDirector.Setup.Engine.Tests.ReleaseManifestTests.Parse_ThrowsOnInvalidManifest(json: &quot;&quot;)" computerName="SOREN_NORTH" duration="00:00:00.0003010" startTime="2026-08-03T12:11:08.8872599-04:00" endTime="2026-08-03T12:11:08.8872600-04:00" testType="13cdc9d9-ddb5-4fa4-a97d-d965ccfc6d4b" outcome="Passed" testListId="8c84fa94-04c1-424b-9868-57a2d4851a1d" relativeResultsDirectory="303a23ff-d02e-475b-a8b2-14af0a20d19c" />
    <UnitTestResult executionId="cbf1f1d8-c421-4f27-ab2a-f5c113c9e207" testId="dad81b04-efdd-c563-79e5-333f067e8215" testName="CcDirector.Setup.Engine.Tests.GatewayAccountEnrollRunnerTests.VerifyAndSaveAsync_InvalidInput_BlocksWithoutSigningIn(url: &quot;http://gateway.test:7878&quot;, deviceId: &quot;&quot;, expectedFragment: &quot;no device id&quot;)" computerName="SOREN_NORTH" duration="00:00:00.0000210" startTime="2026-08-03T12:11:08.9322349-04:00" endTime="2026-08-03T12:11:08.9322349-04:00" testType="13cdc9d9-ddb5-4fa4-a97d-d965ccfc6d4b" outcome="Passed" testListId="8c84fa94-04c1-424b-9868-57a2d4851a1d" relativeResultsDirectory="cbf1f1d8-c421-4f27-ab2a-f5c113c9e207" />
    <UnitTestResult executionId="584815c5-0c94-4b99-a46c-c8fea6dc48e0" testId="f03f5b8d-5a66-fd51-6c6d-22ca01399576" testName="CcDirector.Setup.Engine.Tests.GatewayTrayInstallerTests.InstalledArguments_IsManaged" computerName="SOREN_NORTH" duration="00:00:00.0001029" startTime="2026-08-03T12:11:12.5272180-04:00" endTime="2026-08-03T12:11:12.5272182-04:00" testType="13cdc9d9-ddb5-4fa4-a97d-d965ccfc6d4b" outcome="Passed" testListId="8c84fa94-04c1-424b-9868-57a2d4851a1d" relativeResultsDirectory="584815c5-0c94-4b99-a46c-c8fea6dc48e0" />
    <UnitTestResult executionId="aa330477-670a-4d7e-bd8b-ac43d1bb62cf" testId="5dfdbe63-cc28-2e2d-77ec-42e3eb9adef5" testName="CcDirector.Setup.Engine.Tests.LaunchdPidParseTests.ParseLaunchdPid_NoPidField_IsZero" computerName="SOREN_NORTH" duration="00:00:00.0001583" startTime="2026-08-03T12:11:08.8146520-04:00" endTime="2026-08-03T12:11:08.8146521-04:00" testType="13cdc9d9-ddb5-4fa4-a97d-d965ccfc6d4b" outcome="Passed" testListId="8c84fa94-04c1-424b-9868-57a2d4851a1d" relativeResultsDirectory="aa330477-670a-4d7e-bd8b-ac43d1bb62cf" />
    <UnitTestResult executionId="7b6580f9-f415-47eb-8b5a-cdadd1376d45" testId="1217b4f4-d30f-ea99-dcbb-639eca31b261" testName="CcDirector.Setup.Engine.Tests.TailscaleServeTeardownTests.RemoveFrontDoor_CliAbsent_NotAttempted" computerName="SOREN_NORTH" duration="00:00:00.0003582" startTime="2026-08-03T12:11:08.8060345-04:00" endTime="2026-08-03T12:11:08.8060346-04:00" testType="13cdc9d9-ddb5-4fa4-a97d-d965ccfc6d4b" outcome="Passed" testListId="8c84fa94-04c1-424b-9868-57a2d4851a1d" relativeResultsDirectory="7b6580f9-f415-47eb-8b5a-cdadd1376d45" />
    <UnitTestResult executionId="542ee6e5-d3e9-47ce-a5da-418082357ddb" testId="cbc91d75-f26a-8018-4bce-0ff5ff549638" testName="CcDirector.Setup.Engine.Tests.VersionUtilTests.CanonicalTag_KeepsSuffixDropsDecorationAndLowercases(input: &quot;1.1.0-RC4+abc123&quot;, expected: &quot;1.1.0-rc4&quot;)" computerName="SOREN_NORTH" duration="00:00:00.0000028" startTime="2026-08-03T12:11:08.9390629-04:00" endTime="2026-08-03T12:11:08.9390630-04:00" testType="13cdc9d9-ddb5-4fa4-a97d-d965ccfc6d4b" outcome="Passed" testListId="8c84fa94-04c1-424b-9868-57a2d4851a1d" relativeResultsDirectory="542ee6e5-d3e9-47ce-a5da-418082357ddb" />
    <UnitTestResult executionId="9c8a7347-48f2-4b2a-a1a0-bdb2631e6b2d" testId="7e19c459-dcdc-2acc-d726-d0a25da35cc4" testName="CcDirector.Setup.Engine.Tests.VersionUtilTests.TryParse_ReturnsNullForGarbage(input: &quot;   &quot;)" computerName="SOREN_NORTH" duration="00:00:00.0000017" startTime="2026-08-03T12:11:08.9380297-04:00" endTime="2026-08-03T12:11:08.9380298-04:00" testType="13cdc9d9-ddb5-4fa4-a97d-d965ccfc6d4b" outcome="Passed" testListId="8c84fa94-04c1-424b-9868-57a2d4851a1d" relativeResultsDirectory="9c8a7347-48f2-4b2a-a1a0-bdb2631e6b2d" />
    <UnitTestResult executionId="de26113a-abce-429e-a91a-7ccf6c8dcbe2" testId="d905eb7a-c7ff-11b5-9c01-7e070fe6971b" testName="CcDirector.Setup.Engine.Tests.GatewayAccountEnrollRunnerTestAddressTests.TestGatewayAddressAsync_FullPastedHttpsUrl_IsNormalizedAndProbed" computerName="SOREN_NORTH" duration="00:00:00.0009668" startTime="2026-08-03T12:11:08.8072155-04:00" endTime="2026-08-03T12:11:08.8072156-04:00" testType="13cdc9d9-ddb5-4fa4-a97d-d965ccfc6d4b" outcome="Passed" testListId="8c84fa94-04c1-424b-9868-57a2d4851a1d" relativeResultsDirectory="de26113a-abce-429e-a91a-7ccf6c8dcbe2" />
    <UnitTestResult executionId="3a1f8a64-7abf-4701-bda5-213e6b63aa0f" testId="453074e4-4014-0700-2320-072b4b9273bc" testName="CcDirector.Setup.Engine.Tests.UninstallerTests.ComputePathWith_AppendsUnlessPresent(input: &quot;C:\\a;c:\\CC\\BIN\\&quot;, dir: &quot;C:\\cc\\bin&quot;, expected: &quot;C:\\a;c:\\CC\\BIN\\&quot;)" computerName="SOREN_NORTH" duration="00:00:00.0047894" startTime="2026-08-03T12:11:08.8313134-04:00" endTime="2026-08-03T12:11:08.8313135-04:00" testType="13cdc9d9-ddb5-4fa4-a97d-d965ccfc6d4b" outcome="Passed" testListId="8c84fa94-04c1-424b-9868-57a2d4851a1d" relativeResultsDirectory="3a1f8a64-7abf-4701-bda5-213e6b63aa0f" />
    <UnitTestResult executionId="7ae62d3c-96d6-4d6b-b10d-3902469ff67e" testId="a8358c13-afc1-8768-2056-0ca85598982f" testName="CcDirector.Setup.Engine.Tests.GatewayLaunchdAutostartTests.PlistContent_EmptyExe_Throws" computerName="SOREN_NORTH" duration="00:00:00.0005084" startTime="2026-08-03T12:11:08.9415111-04:00" endTime="2026-08-03T12:11:08.9415111-04:00" testType="13cdc9d9-ddb5-4fa4-a97d-d965ccfc6d4b" outcome="Passed" testListId="8c84fa94-04c1-424b-9868-57a2d4851a1d" relativeResultsDirectory="7ae62d3c-96d6-4d6b-b10d-3902469ff67e" />
    <UnitTestResult executionId="7ba9098c-0664-48db-bc3d-a6444c2b7150" testId="bf39c1c9-154f-460b-8c0c-c80b95ed1df5" testName="CcDirector.Setup.Engine.Tests.UninstallerTests.Plan_OnMacOS_TargetsTheAppBundle_ItsPreRenameAlias_AndTheLaunchAgent" computerName="SOREN_NORTH" duration="00:00:00.0074882" startTime="2026-08-03T12:11:08.8108177-04:00" endTime="2026-08-03T12:11:08.8108178-04:00" testType="13cdc9d9-ddb5-4fa4-a97d-d965ccfc6d4b" outcome="Passed" testListId="8c84fa94-04c1-424b-9868-57a2d4851a1d" relativeResultsDirectory="7ba9098c-0664-48db-bc3d-a6444c2b7150" />
    <UnitTestResult executionId="935bce89-9f3f-47ec-9ecb-3c55261d6ae4" testId="a35b935c-32ad-7013-ccd3-2eb5b9ca64b4" testName="CcDirector.Setup.Engine.Tests.SelfHostConnectTests.SignIn_AlreadySignedIn_SucceedsButIsNotOwned" computerName="SOREN_NORTH" duration="00:00:00.0007315" startTime="2026-08-03T12:11:08.9480089-04:00" endTime="2026-08-03T12:11:08.9480090-04:00" testType="13cdc9d9-ddb5-4fa4-a97d-d965ccfc6d4b" outcome="Passed" testListId="8c84fa94-04c1-424b-9868-57a2d4851a1d" relativeResultsDirectory="935bce89-9f3f-47ec-9ecb-3c55261d6ae4" />
    <UnitTestResult executionId="d9ab9bb7-2941-4420-bd85-d3b195435975" testId="afe03b5c-d8ac-8a6e-a8c1-e6ad60f17328" testName="CcDirector.Setup.Engine.Tests.LauncherHealthProbeTests.Parse_GarbageOrNotOk_NeverOk(body: &quot;{\&quot;ok\&quot;:false}&quot;)" computerName="SOREN_NORTH" duration="00:00:00.4267494" startTime="2026-08-03T12:11:08.7914578-04:00" endTime="2026-08-03T12:11:08.7914578-04:00" testType="13cdc9d9-ddb5-4fa4-a97d-d965ccfc6d4b" outcome="Passed" testListId="8c84fa94-04c1-424b-9868-57a2d4851a1d" relativeResultsDirectory="d9ab9bb7-2941-4420-bd85-d3b195435975" />
    <UnitTestResult executionId="6b050b7a-8666-470f-9d88-2a1ac26efdcd" testId="ac57adc3-8348-f10b-7c4f-cfc1058bf3e2" testName="CcDirector.Setup.Engine.Tests.ReleaseSourceTests.DownloadAssetAsync_UnknownAsset_Throws" computerName="SOREN_NORTH" duration="00:00:00.0050335" startTime="2026-08-03T12:11:08.9265175-04:00" endTime="2026-08-03T12:11:08.9265177-04:00" testType="13cdc9d9-ddb5-4fa4-a97d-d965ccfc6d4b" outcome="Passed" testListId="8c84fa94-04c1-424b-9868-57a2d4851a1d" relativeResultsDirectory="6b050b7a-8666-470f-9d88-2a1ac26efdcd" />
    <UnitTestResult executionId="cb08c107-4172-46b3-99c5-e6983f65a17b" testId="af63fe62-eb1a-7089-9d5b-0378cabd505f" testName="CcDirector.Setup.Engine.Tests.PythonToolsInstallerTests.InstallAsync_FromLocalBundle_CreatesVenvShimsAndRunnableTool" computerName="SOREN_NORTH" duration="00:00:00.4250952" startTime="2026-08-03T12:11:08.7914489-04:00" endTime="2026-08-03T12:11:08.7914489-04:00" testType="13cdc9d9-ddb5-4fa4-a97d-d965ccfc6d4b" outcome="Passed" testListId="8c84fa94-04c1-424b-9868-57a2d4851a1d" relativeResultsDirectory="cb08c107-4172-46b3-99c5-e6983f65a17b" />
    <UnitTestResult executionId="17668336-b542-4eee-9dfd-b1c1bc738a07" testId="8f1f9331-9414-ad03-8799-4c1ffad9d6b6" testName="CcDirector.Setup.Engine.Tests.LauncherStopperTests.Stop_ReportsFailure_WhenTheProcessWasStoppedButThePortIsStillHeld" computerName="SOREN_NORTH" duration="00:00:05.1970798" startTime="2026-08-03T12:11:14.0498484-04:00" endTime="2026-08-03T12:11:14.0498485-04:00" testType="13cdc9d9-ddb5-4fa4-a97d-d965ccfc6d4b" outcome="Passed" testListId="8c84fa94-04c1-424b-9868-57a2d4851a1d" relativeResultsDirectory="17668336-b542-4eee-9dfd-b1c1bc738a07" />
    <UnitTestResult executionId="b619d1a4-841e-4041-9093-747c95983659" testId="1d39b39a-cc30-b5ff-9f60-7a258692a009" testName="CcDirector.Setup.Engine.Tests.InstalledStateReaderTests.DefaultExists_File_True" computerName="SOREN_NORTH" duration="00:00:00.0020415" startTime="2026-08-03T12:11:08.8054417-04:00" endTime="2026-08-03T12:11:08.8054418-04:00" testType="13cdc9d9-ddb5-4fa4-a97d-d965ccfc6d4b" outcome="Passed" testListId="8c84fa94-04c1-424b-9868-57a2d4851a1d" relativeResultsDirectory="b619d1a4-841e-4041-9093-747c95983659" />
    <UnitTestResult executionId="08c1deff-2236-4a6a-9445-9056ef34b887" testId="2bcfd962-7fba-60e2-3bcd-7f2fbda98c69" testName="CcDirector.Setup.Engine.Tests.SetupExecutableVersionTests.Strip_RemovesSourceLinkMetadata(input: &quot;  1.0.7+abc  &quot;, expected: &quot;1.0.7&quot;)" computerName="SOREN_NORTH" duration="00:00:00.0000064" startTime="2026-08-03T12:11:08.8132971-04:00" endTime="2026-08-03T12:11:08.8132972-04:00" testType="13cdc9d9-ddb5-4fa4-a97d-d965ccfc6d4b" outcome="Passed" testListId="8c84fa94-04c1-424b-9868-57a2d4851a1d" relativeResultsDirectory="08c1deff-2236-4a6a-9445-9056ef34b887" />
    <UnitTestResult executionId="4fdaefb1-9e34-4c3e-b9c7-b77b13fbde5e" testId="08c1377f-1401-d306-5388-9c73e660a3e8" testName="CcDirector.Setup.Engine.Tests.VersionUtilTests.HasPreReleaseSuffix_DetectsSuffixAfterStrippingDecoration(input: &quot;&quot;, expected: False)" computerName="SOREN_NORTH" duration="00:00:00.0000080" startTime="2026-08-03T12:11:08.9396607-04:00" endTime="2026-08-03T12:11:08.9396607-04:00" testType="13cdc9d9-ddb5-4fa4-a97d-d965ccfc6d4b" outcome="Passed" testListId="8c84fa94-04c1-424b-9868-57a2d4851a1d" relativeResultsDirectory="4fdaefb1-9e34-4c3e-b9c7-b77b13fbde5e" />
    <UnitTestResult executionId="262e65ac-fa3a-4c47-8c09-42c50ec07daf" testId="3572662c-3838-8385-29a5-7519033cbeb1" testName="CcDirector.Setup.Engine.Tests.VersionUtilTests.HasPreReleaseSuffix_DetectsSuffixAfterStrippingDecoration(input: &quot;1.1.0-rc4&quot;, expected: True)" computerName="SOREN_NORTH" duration="00:00:00.0000015" startTime="2026-08-03T12:11:08.9397382-04:00" endTime="2026-08-03T12:11:08.9397383-04:00" testType="13cdc9d9-ddb5-4fa4-a97d-d965ccfc6d4b" outcome="Passed" testListId="8c84fa94-04c1-424b-9868-57a2d4851a1d" relativeResultsDirectory="262e65ac-fa3a-4c47-8c09-42c50ec07daf" />
    <UnitTestResult executionId="4a58c1c8-a05e-4472-8ed8-f569c62270a2" testId="1527cc7b-8253-47f3-67a5-0325841ba061" testName="CcDirector.Setup.Engine.Tests.VersionUtilTests.HasPreReleaseSuffix_DetectsSuffixAfterStrippingDecoration(input: &quot;1.1.0+abc123&quot;, expected: False)" computerName="SOREN_NORTH" duration="00:00:00.0003505" startTime="2026-08-03T12:11:08.9396317-04:00" endTime="2026-08-03T12:11:08.9396318-04:00" testType="13cdc9d9-ddb5-4fa4-a97d-d965ccfc6d4b" outcome="Passed" testListId="8c84fa94-04c1-424b-9868-57a2d4851a1d" relativeResultsDirectory="4a58c1c8-a05e-4472-8ed8-f569c62270a2" />
    <UnitTestResult executionId="5c247a65-55b5-454e-a3e7-c16293145fde" testId="b30743df-fc3e-0e3f-c205-289bb9afc3c9" testName="CcDirector.Setup.Engine.Tests.AutoUpdateConfigTests.Load_ReadsEnabledAndInterval" computerName="SOREN_NORTH" duration="00:00:00.4396729" startTime="2026-08-03T12:11:08.8078336-04:00" endTime="2026-08-03T12:11:08.8078336-04:00" testType="13cdc9d9-ddb5-4fa4-a97d-d965ccfc6d4b" outcome="Passed" testListId="8c84fa94-04c1-424b-9868-57a2d4851a1d" relativeResultsDirectory="5c247a65-55b5-454e-a3e7-c16293145fde" />
    <UnitTestResult executionId="2343771e-4e53-49f3-bed1-eeccb28ce9ce" testId="3c14227f-6cbc-de87-2ed2-259f339f1f62" testName="CcDirector.Setup.Engine.Tests.MobilePackageTests.ExtractStagedZip_AppliesStagedZip_IntoWwwrootM" computerName="SOREN_NORTH" duration="00:00:00.0178788" startTime="2026-08-03T12:11:09.0965975-04:00" endTime="2026-08-03T12:11:09.0965978-04:00" testType="13cdc9d9-ddb5-4fa4-a97d-d965ccfc6d4b" outcome="Passed" testListId="8c84fa94-04c1-424b-9868-57a2d4851a1d" relativeResultsDirectory="2343771e-4e53-49f3-bed1-eeccb28ce9ce" />
    <UnitTestResult executionId="2912d8e3-42bf-4be0-8735-191db6f1c341" testId="dcd08ad6-e2a8-512e-068a-c80cb049fb4a" testName="CcDirector.Setup.Engine.Tests.PythonToolsHealAndShimTests.WindowsShimBody_TargetMissing_ExitsNonZeroWithRepairGuidance" computerName="SOREN_NORTH" duration="00:00:00.3100418" startTime="2026-08-03T12:11:39.7349026-04:00" endTime="2026-08-03T12:11:39.7349029-04:00" testType="13cdc9d9-ddb5-4fa4-a97d-d965ccfc6d4b" outcome="Passed" testListId="8c84fa94-04c1-424b-9868-57a2d4851a1d" relativeResultsDirectory="2912d8e3-42bf-4be0-8735-191db6f1c341" />
    <UnitTestResult executionId="92ddd8d6-b9dd-4c16-8fbc-b78f2c967c0c" testId="b6837e58-216b-8513-bb56-f692ca9a4c30" testName="CcDirector.Setup.Engine.Tests.PythonRuntimeProbeTests.IsBasePythonHealthy_NoPythonDir_False" computerName="SOREN_NORTH" duration="00:00:00.0008532" startTime="2026-08-03T12:11:39.4419113-04:00" endTime="2026-08-03T12:11:39.4419115-04:00" testType="13cdc9d9-ddb5-4fa4-a97d-d965ccfc6d4b" outcome="Passed" testListId="8c84fa94-04c1-424b-9868-57a2d4851a1d" relativeResultsDirectory="92ddd8d6-b9dd-4c16-8fbc-b78f2c967c0c" />
    <UnitTestResult executionId="3dbd9fd6-8362-47d6-9de5-321cb46c71d5" testId="1f76124c-2855-c4ae-1681-21e6479b6dfd" testName="CcDirector.Setup.Engine.Tests.VersionUtilTests.TryParse_NormalizesKnownForms(input: &quot;0.4.0+build7&quot;, expected: &quot;0.4.0&quot;)" computerName="SOREN_NORTH" duration="00:00:00.0000085" startTime="2026-08-03T12:11:08.9381644-04:00" endTime="2026-08-03T12:11:08.9381645-04:00" testType="13cdc9d9-ddb5-4fa4-a97d-d965ccfc6d4b" outcome="Passed" testListId="8c84fa94-04c1-424b-9868-57a2d4851a1d" relativeResultsDirectory="3dbd9fd6-8362-47d6-9de5-321cb46c71d5" />
    <UnitTestResult executionId="60fe7119-524c-4d7b-967c-eeb4188898b9" testId="99068cb4-aaa9-e9d3-5bd9-bf88b07e440b" testName="CcDirector.Setup.Engine.Tests.InstalledStateReaderTests.DefaultExists_Missing_False" computerName="SOREN_NORTH" duration="00:00:00.4226556" startTime="2026-08-03T12:11:08.7913948-04:00" endTime="2026-08-03T12:11:08.7913949-04:00" testType="13cdc9d9-ddb5-4fa4-a97d-d965ccfc6d4b" outcome="Passed" testListId="8c84fa94-04c1-424b-9868-57a2d4851a1d" relativeResultsDirectory="60fe7119-524c-4d7b-967c-eeb4188898b9" />
    <UnitTestResult executionId="6ecf0665-991a-4222-a467-3c673cf645c6" testId="e4de121d-86a0-0c5f-d99e-31c6d13565a0" testName="CcDirector.Setup.Engine.Tests.LauncherHealthProbeTests.VersionMatches_ComparesNormalizedAndIgnoresBuildMetadata(expected: &quot;v1.7.4&quot;, reported: &quot;1.7.4.0&quot;, matches: True)" computerName="SOREN_NORTH" duration="00:00:00.0002063" startTime="2026-08-03T12:11:08.8071686-04:00" endTime="2026-08-03T12:11:08.8071687-04:00" testType="13cdc9d9-ddb5-4fa4-a97d-d965ccfc6d4b" outcome="Passed" testListId="8c84fa94-04c1-424b-9868-57a2d4851a1d" relativeResultsDirectory="6ecf0665-991a-4222-a467-3c673cf645c6" />
    <UnitTestResult executionId="3b82060b-32e2-4ed8-a1e8-3830d8ee765b" testId="2cf12857-da58-27f1-9398-1217ed5494ea" testName="CcDirector.Setup.Engine.Tests.LauncherHealthProbeTests.VersionMatches_ComparesNormalizedAndIgnoresBuildMetadata(expected: null, reported: &quot;9.9.9&quot;, matches: True)" computerName="SOREN_NORTH" duration="00:00:00.0000085" startTime="2026-08-03T12:11:08.8072757-04:00" endTime="2026-08-03T12:11:08.8072757-04:00" testType="13cdc9d9-ddb5-4fa4-a97d-d965ccfc6d4b" outcome="Passed" testListId="8c84fa94-04c1-424b-9868-57a2d4851a1d" relativeResultsDirectory="3b82060b-32e2-4ed8-a1e8-3830d8ee765b" />
    <UnitTestResult executionId="700252f3-49e2-4d70-894f-5b98cc6cbad0" testId="d220f5cd-d7e3-2a05-8a87-62c428a09f09" testName="CcDirector.Setup.Engine.Tests.LauncherStopperTests.Stop_DoesNotTreatASiblingDirectoryAsTheInstallDirectory" computerName="SOREN_NORTH" duration="00:00:00.0036158" startTime="2026-08-03T12:11:08.8469349-04:00" endTime="2026-08-03T12:11:08.8469350-04:00" testType="13cdc9d9-ddb5-4fa4-a97d-d965ccfc6d4b" outcome="Passed" testListId="8c84fa94-04c1-424b-9868-57a2d4851a1d" relativeResultsDirectory="700252f3-49e2-4d70-894f-5b98cc6cbad0" />
    <UnitTestResult executionId="5096146c-90bf-42e7-a142-4cd1c543ee7e" testId="c09a5013-1842-b610-5929-3094887afe7c" testName="CcDirector.Setup.Engine.Tests.GatewayHostedEnrollRunnerTests.SignInAndEnrollHosted_PresentsTheAccountTokenToEnrollHostedAndPersists" computerName="SOREN_NORTH" duration="00:00:00.0055241" startTime="2026-08-03T12:11:08.8639467-04:00" endTime="2026-08-03T12:11:08.8639469-04:00" testType="13cdc9d9-ddb5-4fa4-a97d-d965ccfc6d4b" outcome="Passed" testListId="8c84fa94-04c1-424b-9868-57a2d4851a1d" relativeResultsDirectory="5096146c-90bf-42e7-a142-4cd1c543ee7e" />
    <UnitTestResult executionId="913a7c85-4a0c-4064-9b16-05ef7bb1c2e8" testId="ac299b22-c572-6315-b5e6-d0c697bd1c7a" testName="CcDirector.Setup.Engine.Tests.AutoUpdateConfigTests.Load_NoAutoUpdateSection_ReturnsDefaults" computerName="SOREN_NORTH" duration="00:00:00.0074053" startTime="2026-08-03T12:11:08.8161112-04:00" endTime="2026-08-03T12:11:08.8161113-04:00" testType="13cdc9d9-ddb5-4fa4-a97d-d965ccfc6d4b" outcome="Passed" testListId="8c84fa94-04c1-424b-9868-57a2d4851a1d" relativeResultsDirectory="913a7c85-4a0c-4064-9b16-05ef7bb1c2e8" />
    <UnitTestResult executionId="04bb845b-3e89-4f89-97d4-8af7c3603e51" testId="74446226-217b-486b-26e4-8285c09c9c2f" testName="CcDirector.Setup.Engine.Tests.SelfHostOrchestratorTests.RunAsync_InferenceNotReady_IsStillASuccessfulProvision" computerName="SOREN_NORTH" duration="00:00:00.0008192" startTime="2026-08-03T12:11:08.9955250-04:00" endTime="2026-08-03T12:11:08.9955253-04:00" testType="13cdc9d9-ddb5-4fa4-a97d-d965ccfc6d4b" outcome="Passed" testListId="8c84fa94-04c1-424b-9868-57a2d4851a1d" relativeResultsDirectory="04bb845b-3e89-4f89-97d4-8af7c3603e51" />
    <UnitTestResult executionId="bdfddfa7-a886-4e6d-ba2f-d477107c077f" testId="bed78069-8a24-2294-3987-5f640826198c" testName="CcDirector.Setup.Engine.Tests.GatewayHostedEnrollRunnerTests.SignInAndEnrollHosted_SignInCancelled_BlocksAndMakesNoCall" computerName="SOREN_NORTH" duration="00:00:00.0013912" startTime="2026-08-03T12:11:08.8583197-04:00" endTime="2026-08-03T12:11:08.8583204-04:00" testType="13cdc9d9-ddb5-4fa4-a97d-d965ccfc6d4b" outcome="Passed" testListId="8c84fa94-04c1-424b-9868-57a2d4851a1d" relativeResultsDirectory="bdfddfa7-a886-4e6d-ba2f-d477107c077f" />
    <UnitTestResult executionId="4d97d707-bdbd-4694-ae12-4022202005e8" testId="dafa46ed-b427-cdb5-10dc-0991a2a230dd" testName="CcDirector.Setup.Engine.Tests.InstalledManifestTests.Load_CorruptFile_IsEmpty_DoesNotThrow" computerName="SOREN_NORTH" duration="00:00:00.0100950" startTime="2026-08-03T12:11:08.8382740-04:00" endTime="2026-08-03T12:11:08.8382741-04:00" testType="13cdc9d9-ddb5-4fa4-a97d-d965ccfc6d4b" outcome="Passed" testListId="8c84fa94-04c1-424b-9868-57a2d4851a1d" relativeResultsDirectory="4d97d707-bdbd-4694-ae12-4022202005e8" />
    <UnitTestResult executionId="541d68df-2004-48bb-8384-af857f8f2e08" testId="366e029b-a664-7a7c-8c94-0c3ca26767ab" testName="CcDirector.Setup.Engine.Tests.AutoUpdateConfigTests.Load_EnvKillSwitch_OverridesConfig" computerName="SOREN_NORTH" duration="00:00:00.0090015" startTime="2026-08-03T12:11:08.8224816-04:00" endTime="2026-08-03T12:11:08.8224818-04:00" testType="13cdc9d9-ddb5-4fa4-a97d-d965ccfc6d4b" outcome="Passed" testListId="8c84fa94-04c1-424b-9868-57a2d4851a1d" relativeResultsDirectory="541d68df-2004-48bb-8384-af857f8f2e08" />
    <UnitTestResult executionId="b8680048-e956-4a61-b73a-5638c4aaa491" testId="dbb980c7-0ad8-345b-0ec3-27eac7d0d8f4" testName="CcDirector.Setup.Engine.Tests.DirectorUpdateApplyTests.Bundle_SomethingAnswersButNotAsTheNewVersion_StillRollsBack" computerName="SOREN_NORTH" duration="00:00:00.3459488" startTime="2026-08-03T12:11:10.1424059-04:00" endTime="2026-08-03T12:11:10.1424062-04:00" testType="13cdc9d9-ddb5-4fa4-a97d-d965ccfc6d4b" outcome="Passed" testListId="8c84fa94-04c1-424b-9868-57a2d4851a1d" relativeResultsDirectory="b8680048-e956-4a61-b73a-5638c4aaa491" />
    <UnitTestResult executionId="e22e4f18-9b1c-4d34-937f-24791792a83d" testId="4af82ea2-c5f9-425d-be5a-5e8097523ea2" testName="CcDirector.Setup.Engine.Tests.PythonToolsHealAndShimTests.RefreshPythonTools_HealthyCurrentVenv_DoesNotReinstall" computerName="SOREN_NORTH" duration="00:00:00.0257815" startTime="2026-08-03T12:11:08.8877089-04:00" endTime="2026-08-03T12:11:08.8877090-04:00" testType="13cdc9d9-ddb5-4fa4-a97d-d965ccfc6d4b" outcome="Passed" testListId="8c84fa94-04c1-424b-9868-57a2d4851a1d" relativeResultsDirectory="e22e4f18-9b1c-4d34-937f-24791792a83d" />
    <UnitTestResult executionId="9fc454b5-a125-40e1-a24d-d2feebb20942" testId="91b4615e-fbf3-6caf-171d-7779a6ee5959" testName="CcDirector.Setup.Engine.Tests.UpdatePinsTests.Clear_RemovesPin" computerName="SOREN_NORTH" duration="00:00:00.0003649" startTime="2026-08-03T12:11:08.8137937-04:00" endTime="2026-08-03T12:11:08.8137938-04:00" testType="13cdc9d9-ddb5-4fa4-a97d-d965ccfc6d4b" outcome="Passed" testListId="8c84fa94-04c1-424b-9868-57a2d4851a1d" relativeResultsDirectory="9fc454b5-a125-40e1-a24d-d2feebb20942" />
    <UnitTestResult executionId="c336d7ea-e6e1-4066-a595-ff3d990af8ac" testId="e409ffd9-0bfe-5d2b-7b67-63e48a5e3007" testName="CcDirector.Setup.Engine.Tests.GatewayAccountEnrollRunnerTests.SignInAndDiscoverGateways_OneGatewayWithEndpoint_ReturnsItAndDoesNotPersist" computerName="SOREN_NORTH" duration="00:00:00.0011908" startTime="2026-08-03T12:11:08.9362528-04:00" endTime="2026-08-03T12:11:08.9362530-04:00" testType="13cdc9d9-ddb5-4fa4-a97d-d965ccfc6d4b" outcome="Passed" testListId="8c84fa94-04c1-424b-9868-57a2d4851a1d" relativeResultsDirectory="c336d7ea-e6e1-4066-a595-ff3d990af8ac" />
    <UnitTestResult executionId="9bd37034-f191-417f-817d-d5ad9ae246bd" testId="b5dd8646-1f2f-19e4-4c7e-08ebe2e5f6cd" testName="CcDirector.Setup.Engine.Tests.UpdatePlannerTests.Plan_PresentWithUnknownVersion_ReappliesInsteadOfUpToDate" computerName="SOREN_NORTH" duration="00:00:00.0006055" startTime="2026-08-03T12:11:08.8123602-04:00" endTime="2026-08-03T12:11:08.8123602-04:00" testType="13cdc9d9-ddb5-4fa4-a97d-d965ccfc6d4b" outcome="Passed" testListId="8c84fa94-04c1-424b-9868-57a2d4851a1d" relativeResultsDirectory="9bd37034-f191-417f-817d-d5ad9ae246bd" />
    <UnitTestResult executionId="3be158e2-2a85-4718-a279-ab7b16a1ab6d" testId="0bbe87f7-c97c-5e4d-1075-4f096eef1153" testName="CcDirector.Setup.Engine.Tests.PythonToolsHealAndShimTests.WindowsBashShimBody_HasShebang_ForwardsToVenvExe_LfEndings" computerName="SOREN_NORTH" duration="00:00:00.0021747" startTime="2026-08-03T12:11:08.9702833-04:00" endTime="2026-08-03T12:11:08.9702839-04:00" testType="13cdc9d9-ddb5-4fa4-a97d-d965ccfc6d4b" outcome="Passed" testListId="8c84fa94-04c1-424b-9868-57a2d4851a1d" relativeResultsDirectory="3be158e2-2a85-4718-a279-ab7b16a1ab6d" />
    <UnitTestResult executionId="14c0d7a7-b00c-4f07-8d94-7ac8db4d591a" testId="c2fb460c-23d3-3072-f630-f094a7540213" testName="CcDirector.Setup.Engine.Tests.InstallCompletionTests.IsReadyToGo_NoCodingAgent_IsFalseEvenOnACleanPass" computerName="SOREN_NORTH" duration="00:00:00.0001236" startTime="2026-08-03T12:11:08.9167592-04:00" endTime="2026-08-03T12:11:08.9167594-04:00" testType="13cdc9d9-ddb5-4fa4-a97d-d965ccfc6d4b" outcome="Passed" testListId="8c84fa94-04c1-424b-9868-57a2d4851a1d" relativeResultsDirectory="14c0d7a7-b00c-4f07-8d94-7ac8db4d591a" />
    <UnitTestResult executionId="c0002f83-d1c6-4cf0-8837-6a90f974e764" testId="e06eabb7-f429-62e1-9a8f-289a0d8dad51" testName="CcDirector.Setup.Engine.Tests.UpdatePlannerTests.Plan_MacOs_SelectsMacAssets" computerName="SOREN_NORTH" duration="00:00:00.0010349" startTime="2026-08-03T12:11:08.8131729-04:00" endTime="2026-08-03T12:11:08.8131730-04:00" testType="13cdc9d9-ddb5-4fa4-a97d-d965ccfc6d4b" outcome="Passed" testListId="8c84fa94-04c1-424b-9868-57a2d4851a1d" relativeResultsDirectory="c0002f83-d1c6-4cf0-8837-6a90f974e764" />
    <UnitTestResult executionId="d1d2e5d1-e621-4533-ba54-71fe92c81dd1" testId="bcfc2df2-2d33-67a2-5c77-2cb401223202" testName="CcDirector.Setup.Engine.Tests.ComponentRegistryTests.Launcher_MacAsset_IsTheSingleFileMacBinary" computerName="SOREN_NORTH" duration="00:00:00.0001299" startTime="2026-08-03T12:11:08.8612000-04:00" endTime="2026-08-03T12:11:08.8612002-04:00" testType="13cdc9d9-ddb5-4fa4-a97d-d965ccfc6d4b" outcome="Passed" testListId="8c84fa94-04c1-424b-9868-57a2d4851a1d" relativeResultsDirectory="d1d2e5d1-e621-4533-ba54-71fe92c81dd1" />
    <UnitTestResult executionId="619331dd-e9ef-48dd-9d69-cb1cf64bf9d0" testId="4142010a-8810-63d2-0d1d-7540894ce364" testName="CcDirector.Setup.Engine.Tests.VersionUtilTests.TryParse_NormalizesKnownForms(input: &quot;v0.3.3&quot;, expected: &quot;0.3.3&quot;)" computerName="SOREN_NORTH" duration="00:00:00.0000029" startTime="2026-08-03T12:11:08.9381885-04:00" endTime="2026-08-03T12:11:08.9381885-04:00" testType="13cdc9d9-ddb5-4fa4-a97d-d965ccfc6d4b" outcome="Passed" testListId="8c84fa94-04c1-424b-9868-57a2d4851a1d" relativeResultsDirectory="619331dd-e9ef-48dd-9d69-cb1cf64bf9d0" />
    <UnitTestResult executionId="c240ca10-b193-49c0-971b-8f8ee7c2e8fc" testId="de836725-bb92-b983-7e7e-4e3784d166e1" testName="CcDirector.Setup.Engine.Tests.GatewayAccountEnrollRunnerTestAddressTests.TestGatewayAddressAsync_InvalidInput_FailsWithoutProbing(name: &quot;MACHINE&quot;, port: 0)" computerName="SOREN_NORTH" duration="00:00:00.0000135" startTime="2026-08-03T12:11:08.8066469-04:00" endTime="2026-08-03T12:11:08.8066469-04:00" testType="13cdc9d9-ddb5-4fa4-a97d-d965ccfc6d4b" outcome="Passed" testListId="8c84fa94-04c1-424b-9868-57a2d4851a1d" relativeResultsDirectory="c240ca10-b193-49c0-971b-8f8ee7c2e8fc" />
    <UnitTestResult executionId="c7581e4a-f3c9-4fd7-913a-264fb185e158" testId="57ff0d0c-33a4-9ea0-90e9-709659c5c7e9" testName="CcDirector.Setup.Engine.Tests.AccountSignInRunnerTests.RunAsync_BrowserHandsBackCredential_ReturnsSignedIn" computerName="SOREN_NORTH" duration="00:00:00.0089345" startTime="2026-08-03T12:11:08.9627531-04:00" endTime="2026-08-03T12:11:08.9627532-04:00" testType="13cdc9d9-ddb5-4fa4-a97d-d965ccfc6d4b" outcome="Passed" testListId="8c84fa94-04c1-424b-9868-57a2d4851a1d" relativeResultsDirectory="c7581e4a-f3c9-4fd7-913a-264fb185e158" />
    <UnitTestResult executionId="251b6319-4447-45c6-8c35-7ceb7c939bea" testId="850d0042-4103-474c-de7a-ab2885c748b6" testName="CcDirector.Setup.Engine.Tests.LauncherLaunchdAutostartTests.PlistContent_NoArguments_OmitsExtraStrings" computerName="SOREN_NORTH" duration="00:00:00.0012939" startTime="2026-08-03T12:11:08.9032624-04:00" endTime="2026-08-03T12:11:08.9032625-04:00" testType="13cdc9d9-ddb5-4fa4-a97d-d965ccfc6d4b" outcome="Passed" testListId="8c84fa94-04c1-424b-9868-57a2d4851a1d" relativeResultsDirectory="251b6319-4447-45c6-8c35-7ceb7c939bea" />
    <UnitTestResult executionId="1e1f96e3-b301-41a6-825e-0fb076d4a431" testId="6c50a2af-382b-f1b6-91a4-c71ce5042065" testName="CcDirector.Setup.Engine.Tests.LauncherStopperTests.Stop_WithNoToken_StopsTheInstalledProcessInstead" computerName="SOREN_NORTH" duration="00:00:00.4461164" startTime="2026-08-03T12:11:08.8115051-04:00" endTime="2026-08-03T12:11:08.8115052-04:00" testType="13cdc9d9-ddb5-4fa4-a97d-d965ccfc6d4b" outcome="Passed" testListId="8c84fa94-04c1-424b-9868-57a2d4851a1d" relativeResultsDirectory="1e1f96e3-b301-41a6-825e-0fb076d4a431" />
    <UnitTestResult executionId="c5bbe361-d361-474d-866a-7b91291991f5" testId="dc152519-1426-f8b8-ba36-1d7ad2c71f3b" testName="CcDirector.Setup.Engine.Tests.VersionUtilTests.IsNewer_FalseWhenEitherUnparseable" computerName="SOREN_NORTH" duration="00:00:00.0002439" startTime="2026-08-03T12:11:08.9404339-04:00" endTime="2026-08-03T12:11:08.9404340-04:00" testType="13cdc9d9-ddb5-4fa4-a97d-d965ccfc6d4b" outcome="Passed" testListId="8c84fa94-04c1-424b-9868-57a2d4851a1d" relativeResultsDirectory="c5bbe361-d361-474d-866a-7b91291991f5" />
    <UnitTestResult executionId="df6fbdc9-4bce-451b-8313-9f9ea59a5b7d" testId="1eb5beb0-cacd-7580-1e44-4b143d80dd27" testName="CcDirector.Setup.Engine.Tests.SelfHostOrchestratorTests.Describe_EveryStepHasPlainEnglish" computerName="SOREN_NORTH" duration="00:00:00.0001839" startTime="2026-08-03T12:11:08.9963410-04:00" endTime="2026-08-03T12:11:08.9963411-04:00" testType="13cdc9d9-ddb5-4fa4-a97d-d965ccfc6d4b" outcome="Passed" testListId="8c84fa94-04c1-424b-9868-57a2d4851a1d" relativeResultsDirectory="df6fbdc9-4bce-451b-8313-9f9ea59a5b7d" />
    <UnitTestResult executionId="e1f3cb6c-95cb-4d16-9401-25cfcf89b111" testId="25a56778-f5de-d6c0-cf2c-9fd39dab3631" testName="CcDirector.Setup.Engine.Tests.SelfHostOrchestratorTests.RunAsync_StepThrows_IsAFailedStepNotACrash" computerName="SOREN_NORTH" duration="00:00:00.0010885" startTime="2026-08-03T12:11:08.9926215-04:00" endTime="2026-08-03T12:11:08.9926216-04:00" testType="13cdc9d9-ddb5-4fa4-a97d-d965ccfc6d4b" outcome="Passed" testListId="8c84fa94-04c1-424b-9868-57a2d4851a1d" relativeResultsDirectory="e1f3cb6c-95cb-4d16-9401-25cfcf89b111" />
    <UnitTestResult executionId="4879160b-3a8e-4b2f-88b0-dfd82e9b8357" testId="7976c2c6-d380-fd4e-c9fb-7fce0190b207" testName="CcDirector.Setup.Engine.Tests.GatewayAutostartTests.CommandLine_WithArguments_AppendsThem" computerName="SOREN_NORTH" duration="00:00:00.0003769" startTime="2026-08-03T12:11:08.9413193-04:00" endTime="2026-08-03T12:11:08.9413194-04:00" testType="13cdc9d9-ddb5-4fa4-a97d-d965ccfc6d4b" outcome="Passed" testListId="8c84fa94-04c1-424b-9868-57a2d4851a1d" relativeResultsDirectory="4879160b-3a8e-4b2f-88b0-dfd82e9b8357" />
    <UnitTestResult executionId="fe944c7c-6a90-4c0d-8c84-4ad21ebaabf0" testId="b82d77de-7212-1b8c-3ca3-11d7b1a0448d" testName="CcDirector.Setup.Engine.Tests.HostedGatewayTests.ResolveUrl_OverrideIsNotAnAbsoluteUrl_Throws" computerName="SOREN_NORTH" duration="00:00:00.0009584" startTime="2026-08-03T12:11:08.8817953-04:00" endTime="2026-08-03T12:11:08.8817953-04:00" testType="13cdc9d9-ddb5-4fa4-a97d-d965ccfc6d4b" outcome="Passed" testListId="8c84fa94-04c1-424b-9868-57a2d4851a1d" relativeResultsDirectory="fe944c7c-6a90-4c0d-8c84-4ad21ebaabf0" />
    <UnitTestResult executionId="f956a010-4483-4374-a381-c04b8401bf49" testId="70fdac8a-42b1-861e-8833-805c57317b76" testName="CcDirector.Setup.Engine.Tests.ComponentRegistryTests.Build_ProducesAppsPlusTools" computerName="SOREN_NORTH" duration="00:00:00.0011080" startTime="2026-08-03T12:11:08.8814942-04:00" endTime="2026-08-03T12:11:08.8814947-04:00" testType="13cdc9d9-ddb5-4fa4-a97d-d965ccfc6d4b" outcome="Passed" testListId="8c84fa94-04c1-424b-9868-57a2d4851a1d" relativeResultsDirectory="f956a010-4483-4374-a381-c04b8401bf49" />
    <UnitTestResult executionId="e5ae91b7-9c45-4697-b07f-d0bce6750a8a" testId="03a9e437-e22d-43b7-bdda-26e9753954fa" testName="CcDirector.Setup.Engine.Tests.ToolAutoUpdateConfigTests.Load_AutoUpdateWithoutEnabledKey_ReturnsEnabledByDefault" computerName="SOREN_NORTH" duration="00:00:00.0058235" startTime="2026-08-03T12:11:08.9480573-04:00" endTime="2026-08-03T12:11:08.9480573-04:00" testType="13cdc9d9-ddb5-4fa4-a97d-d965ccfc6d4b" outcome="Passed" testListId="8c84fa94-04c1-424b-9868-57a2d4851a1d" relativeResultsDirectory="e5ae91b7-9c45-4697-b07f-d0bce6750a8a" />
    <UnitTestResult executionId="40ad5206-2e95-4769-b180-a280ce9c4efc" testId="913f1463-69a3-6bdb-718f-967fd4c23782" testName="CcDirector.Setup.Engine.Tests.ReleaseNotReadyTests.Retry_FirstNotReady_WaitsMinutesNotTheNormalCycle" computerName="SOREN_NORTH" duration="00:00:00.0035736" startTime="2026-08-03T12:11:08.8108422-04:00" endTime="2026-08-03T12:11:08.8108423-04:00" testType="13cdc9d9-ddb5-4fa4-a97d-d965ccfc6d4b" outcome="Passed" testListId="8c84fa94-04c1-424b-9868-57a2d4851a1d" relativeResultsDirectory="40ad5206-2e95-4769-b180-a280ce9c4efc" />
    <UnitTestResult executionId="cb36fa01-472f-486f-8ee3-d3ba939f7d60" testId="ed9104d5-64d1-b7fd-397c-cd403b6c6f80" testName="CcDirector.Setup.Engine.Tests.LauncherHealthProbeTests.Parse_WellFormedAnswer_ReadsIdentity" computerName="SOREN_NORTH" duration="00:00:00.0035696" startTime="2026-08-03T12:11:08.8067308-04:00" endTime="2026-08-03T12:11:08.8067309-04:00" testType="13cdc9d9-ddb5-4fa4-a97d-d965ccfc6d4b" outcome="Passed" testListId="8c84fa94-04c1-424b-9868-57a2d4851a1d" relativeResultsDirectory="cb36fa01-472f-486f-8ee3-d3ba939f7d60" />
    <UnitTestResult executionId="89047072-e85f-490c-9903-1c341a7f10b5" testId="4d6ca7ee-9b2e-6eaa-c9a4-33b4fcc8c56b" testName="CcDirector.Setup.Engine.Tests.ProcessRunnerTests.Run_ProcessExceedingTimeout_IsKilledAndReturnsTimeoutFailure" computerName="SOREN_NORTH" duration="00:00:01.0838555" startTime="2026-08-03T12:11:09.9169801-04:00" endTime="2026-08-03T12:11:09.9169805-04:00" testType="13cdc9d9-ddb5-4fa4-a97d-d965ccfc6d4b" outcome="Passed" testListId="8c84fa94-04c1-424b-9868-57a2d4851a1d" relativeResultsDirectory="89047072-e85f-490c-9903-1c341a7f10b5" />
    <UnitTestResult executionId="3e0a5d51-8a76-46f5-82db-4c5c28aa2a83" testId="b02dc3e4-e3ab-0f86-dab2-c8b9e6e0dfe1" testName="CcDirector.Setup.Engine.Tests.UnattendedInstallRoundTripTests.Install_WithAWrongHash_Fails_AndPlacesNothing" computerName="SOREN_NORTH" duration="00:00:00.0216985" startTime="2026-08-03T12:11:08.9104012-04:00" endTime="2026-08-03T12:11:08.9104013-04:00" testType="13cdc9d9-ddb5-4fa4-a97d-d965ccfc6d4b" outcome="Passed" testListId="8c84fa94-04c1-424b-9868-57a2d4851a1d" relativeResultsDirectory="3e0a5d51-8a76-46f5-82db-4c5c28aa2a83" />
    <UnitTestResult executionId="e9f8bb0e-f29a-4042-967a-c402585aa534" testId="885dda23-d563-b083-34b9-2148e7b3937b" testName="CcDirector.Setup.Engine.Tests.DirectorUpdateApplyTests.StagedBuildIsMissing_ReportsFailed_AndPutsTheDirectorBack" computerName="SOREN_NORTH" duration="00:00:00.0038950" startTime="2026-08-03T12:11:10.7812970-04:00" endTime="2026-08-03T12:11:10.7812971-04:00" testType="13cdc9d9-ddb5-4fa4-a97d-d965ccfc6d4b" outcome="Passed" testListId="8c84fa94-04c1-424b-9868-57a2d4851a1d" relativeResultsDirectory="e9f8bb0e-f29a-4042-967a-c402585aa534" />
    <UnitTestResult executionId="5382eef2-8ef8-42ea-ad3a-acd0d00d0e7d" testId="b68a2bf2-ec94-f3e4-228a-89991fd0f661" testName="CcDirector.Setup.Engine.Tests.HostedGatewayTests.ResolveUrl_Override_UsesItWithoutATrailingSlash" computerName="SOREN_NORTH" duration="00:00:00.0002587" startTime="2026-08-03T12:11:08.8826561-04:00" endTime="2026-08-03T12:11:08.8826561-04:00" testType="13cdc9d9-ddb5-4fa4-a97d-d965ccfc6d4b" outcome="Passed" testListId="8c84fa94-04c1-424b-9868-57a2d4851a1d" relativeResultsDirectory="5382eef2-8ef8-42ea-ad3a-acd0d00d0e7d" />
    <UnitTestResult executionId="37ce63d4-be3c-47df-8837-c623b9fbf41a" testId="af645ee0-6de1-0d2f-62b1-d8cf3c29cfd4" testName="CcDirector.Setup.Engine.Tests.LauncherHealthProbeTests.Parse_GarbageOrNotOk_NeverOk(body: &quot;not json&quot;)" computerName="SOREN_NORTH" duration="00:00:00.0011364" startTime="2026-08-03T12:11:08.8044809-04:00" endTime="2026-08-03T12:11:08.8044810-04:00" testType="13cdc9d9-ddb5-4fa4-a97d-d965ccfc6d4b" outcome="Passed" testListId="8c84fa94-04c1-424b-9868-57a2d4851a1d" relativeResultsDirectory="37ce63d4-be3c-47df-8837-c623b9fbf41a" />
    <UnitTestResult executionId="e4edd602-0732-4d5e-bf69-156c10a97108" testId="c6244a5f-931d-e26c-fc5c-5b2ca5ba4987" testName="CcDirector.Setup.Engine.Tests.MobilePackageTests.ExtractAsync_ReplacesPriorContents_NoStaleFiles" computerName="SOREN_NORTH" duration="00:00:00.0252522" startTime="2026-08-03T12:11:09.0786305-04:00" endTime="2026-08-03T12:11:09.0786306-04:00" testType="13cdc9d9-ddb5-4fa4-a97d-d965ccfc6d4b" outcome="Passed" testListId="8c84fa94-04c1-424b-9868-57a2d4851a1d" relativeResultsDirectory="e4edd602-0732-4d5e-bf69-156c10a97108" />
    <UnitTestResult executionId="329e1160-f42d-4a4a-bfa4-6bd0a18a2920" testId="6a526e65-a327-b99a-3491-64d32c648b86" testName="CcDirector.Setup.Engine.Tests.ToolAutoUpdateConfigTests.Load_ReadsEnabledTrue" computerName="SOREN_NORTH" duration="00:00:00.0076488" startTime="2026-08-03T12:11:08.9716338-04:00" endTime="2026-08-03T12:11:08.9716340-04:00" testType="13cdc9d9-ddb5-4fa4-a97d-d965ccfc6d4b" outcome="Passed" testListId="8c84fa94-04c1-424b-9868-57a2d4851a1d" relativeResultsDirectory="329e1160-f42d-4a4a-bfa4-6bd0a18a2920" />
    <UnitTestResult executionId="3d3c2755-b380-49b4-81ad-fc2720d33f7c" testId="c2f3d9c8-5460-6552-e419-a935bdc0c68a" testName="CcDirector.Setup.Engine.Tests.FfmpegPackageTests.ExtractAsync_ShaMismatch_Throws" computerName="SOREN_NORTH" duration="00:00:00.0776450" startTime="2026-08-03T12:11:08.9233181-04:00" endTime="2026-08-03T12:11:08.9233182-04:00" testType="13cdc9d9-ddb5-4fa4-a97d-d965ccfc6d4b" outcome="Passed" testListId="8c84fa94-04c1-424b-9868-57a2d4851a1d" relativeResultsDirectory="3d3c2755-b380-49b4-81ad-fc2720d33f7c" />
    <UnitTestResult executionId="ffacb255-e303-4646-8d14-c9e5e5652abe" testId="6cfca5aa-989b-f48b-d219-d07eb5931cce" testName="CcDirector.Setup.Engine.Tests.ToolAutoUpdateTriggerTests.RunIfEnabledAsync_ReconcileThrows_IsSwallowed_ReturnsNull" computerName="SOREN_NORTH" duration="00:00:00.0124477" startTime="2026-08-03T12:11:08.8147612-04:00" endTime="2026-08-03T12:11:08.8147613-04:00" testType="13cdc9d9-ddb5-4fa4-a97d-d965ccfc6d4b" outcome="Passed" testListId="8c84fa94-04c1-424b-9868-57a2d4851a1d" relativeResultsDirectory="ffacb255-e303-4646-8d14-c9e5e5652abe" />
    <UnitTestResult executionId="db699378-c689-4ae5-a63f-c608db069a33" testId="64a8117d-e078-651e-b25f-d07f37b396f2" testName="CcDirector.Setup.Engine.Tests.SetupExecutableVersionTests.Strip_EmptyOrNull_ReturnsEmpty(input: &quot;   &quot;)" computerName="SOREN_NORTH" duration="00:00:00.0002202" startTime="2026-08-03T12:11:08.8139075-04:00" endTime="2026-08-03T12:11:08.8139076-04:00" testType="13cdc9d9-ddb5-4fa4-a97d-d965ccfc6d4b" outcome="Passed" testListId="8c84fa94-04c1-424b-9868-57a2d4851a1d" relativeResultsDirectory="db699378-c689-4ae5-a63f-c608db069a33" />
    <UnitTestResult executionId="0be7a92a-437e-4e8d-b27e-2b626fec2ac7" testId="02125a36-f1d3-30a9-6950-e437e3f2a8ff" testName="CcDirector.Setup.Engine.Tests.LauncherHealthProbeTests.Certifies_RequiresOkAndIdentity" computerName="SOREN_NORTH" duration="00:00:00.0010915" startTime="2026-08-03T12:11:08.8046513-04:00" endTime="2026-08-03T12:11:08.8046514-04:00" testType="13cdc9d9-ddb5-4fa4-a97d-d965ccfc6d4b" outcome="Passed" testListId="8c84fa94-04c1-424b-9868-57a2d4851a1d" relativeResultsDirectory="0be7a92a-437e-4e8d-b27e-2b626fec2ac7" />
    <UnitTestResult executionId="220438a1-6f5a-4dbc-8a8f-c75c3df8a8e3" testId="1d60e54a-bec1-bde5-5556-031a1d759c85" testName="CcDirector.Setup.Engine.Tests.MacBundlePurgerTests.ReadBundleIdentifier_MissingPlist_ReturnsNull" computerName="SOREN_NORTH" duration="00:00:00.0077623" startTime="2026-08-03T12:11:08.8216640-04:00" endTime="2026-08-03T12:11:08.8216642-04:00" testType="13cdc9d9-ddb5-4fa4-a97d-d965ccfc6d4b" outcome="Passed" testListId="8c84fa94-04c1-424b-9868-57a2d4851a1d" relativeResultsDirectory="220438a1-6f5a-4dbc-8a8f-c75c3df8a8e3" />
    <UnitTestResult executionId="2ad33e53-8253-4132-a06a-8188c1e18d2d" testId="7a9adcd9-d467-192a-8189-fcd27421f11c" testName="CcDirector.Setup.Engine.Tests.LauncherHealthProbeIdentityTests.Certifies_SameVersionFromADifferentProcess_IsRefused" computerName="SOREN_NORTH" duration="00:00:00.0002803" startTime="2026-08-03T12:11:08.9235497-04:00" endTime="2026-08-03T12:11:08.9235498-04:00" testType="13cdc9d9-ddb5-4fa4-a97d-d965ccfc6d4b" outcome="Passed" testListId="8c84fa94-04c1-424b-9868-57a2d4851a1d" relativeResultsDirectory="2ad33e53-8253-4132-a06a-8188c1e18d2d" />
    <UnitTestResult executionId="6929158e-b2be-4128-aa0d-76cb995ccce0" testId="5861510a-e011-0194-7f3f-cb4afc479c6e" testName="CcDirector.Setup.Engine.Tests.GatewayAccountEnrollRunnerTests.EnrollWithDiscoveredGateway_AfterDiscover_RegistersEnrollsAndPersists" computerName="SOREN_NORTH" duration="00:00:00.0274435" startTime="2026-08-03T12:11:08.9164265-04:00" endTime="2026-08-03T12:11:08.9164266-04:00" testType="13cdc9d9-ddb5-4fa4-a97d-d965ccfc6d4b" outcome="Passed" testListId="8c84fa94-04c1-424b-9868-57a2d4851a1d" relativeResultsDirectory="6929158e-b2be-4128-aa0d-76cb995ccce0" />
    <UnitTestResult executionId="3ef595e4-0197-4d01-ab3b-1156e4d74e4f" testId="fc3bbc0b-5ffc-f64b-6d5b-68ee0978386a" testName="CcDirector.Setup.Engine.Tests.ReleaseSourceTests.FetchLatestAsync_NotModified_ServesCachedReleaseWithoutError" computerName="SOREN_NORTH" duration="00:00:00.0080971" startTime="2026-08-03T12:11:08.9715031-04:00" endTime="2026-08-03T12:11:08.9715032-04:00" testType="13cdc9d9-ddb5-4fa4-a97d-d965ccfc6d4b" outcome="Passed" testListId="8c84fa94-04c1-424b-9868-57a2d4851a1d" relativeResultsDirectory="3ef595e4-0197-4d01-ab3b-1156e4d74e4f" />
    <UnitTestResult executionId="fd8660bc-5ed9-483f-a0d2-bc1fa4e4e638" testId="d78c3ebd-2ecc-e09a-4b66-f53ae149b318" testName="CcDirector.Setup.Engine.Tests.ReleaseSourceTests.DownloadAssetAsync_HttpSource_ReportsMonotonicByteProgress" computerName="SOREN_NORTH" duration="00:00:00.0833566" startTime="2026-08-03T12:11:08.8937282-04:00" endTime="2026-08-03T12:11:08.8937284-04:00" testType="13cdc9d9-ddb5-4fa4-a97d-d965ccfc6d4b" outcome="Passed" testListId="8c84fa94-04c1-424b-9868-57a2d4851a1d" relativeResultsDirectory="fd8660bc-5ed9-483f-a0d2-bc1fa4e4e638" />
    <UnitTestResult executionId="e1b9cf5f-22c5-4efc-8bfb-1c6ae49798be" testId="6674037e-b752-d666-0194-deb3778bd654" testName="CcDirector.Setup.Engine.Tests.SetupExecutableVersionTests.Strip_RemovesSourceLinkMetadata(input: &quot;1.1.0-rc4+abc1234&quot;, expected: &quot;1.1.0-rc4&quot;)" computerName="SOREN_NORTH" duration="00:00:00.0002971" startTime="2026-08-03T12:11:08.8132227-04:00" endTime="2026-08-03T12:11:08.8132227-04:00" testType="13cdc9d9-ddb5-4fa4-a97d-d965ccfc6d4b" outcome="Passed" testListId="8c84fa94-04c1-424b-9868-57a2d4851a1d" relativeResultsDirectory="e1b9cf5f-22c5-4efc-8bfb-1c6ae49798be" />
    <UnitTestResult executionId="f614f089-3d82-4ed8-b759-c65c6a34f04d" testId="0a61f0cf-83d6-f613-408e-3265745b4c6c" testName="CcDirector.Setup.Engine.Tests.GatewayUpdaterOffWindowsTests.CheckStageAndLaunch_IsNoOpOffWindows" computerName="SOREN_NORTH" duration="00:00:00.0058284" startTime="2026-08-03T12:11:08.9259725-04:00" endTime="2026-08-03T12:11:08.9259725-04:00" testType="13cdc9d9-ddb5-4fa4-a97d-d965ccfc6d4b" outcome="Passed" testListId="8c84fa94-04c1-424b-9868-57a2d4851a1d" relativeResultsDirectory="f614f089-3d82-4ed8-b759-c65c6a34f04d" />
    <UnitTestResult executionId="bc14768d-cad0-4b3a-9b09-08bf66232e4d" testId="9ebebf92-d997-bffd-fe47-aeacbc9d012c" testName="CcDirector.Setup.Engine.Tests.GatewayAccountEnrollRunnerTests.EverySignInCancelledMessage_StatesTheFact_AndNamesNoButton" computerName="SOREN_NORTH" duration="00:00:00.0021192" startTime="2026-08-03T12:11:08.9336873-04:00" endTime="2026-08-03T12:11:08.9336874-04:00" testType="13cdc9d9-ddb5-4fa4-a97d-d965ccfc6d4b" outcome="Passed" testListId="8c84fa94-04c1-424b-9868-57a2d4851a1d" relativeResultsDirectory="bc14768d-cad0-4b3a-9b09-08bf66232e4d" />
    <UnitTestResult executionId="0be818f6-3fe2-4843-90bd-d43e7b1f36a5" testId="e003d92f-a2ca-4ebf-6b38-f30e8cafe5a0" testName="CcDirector.Setup.Engine.Tests.SelfHostOrchestratorTests.RunAsync_CorruptJournal_StartsFreshRatherThanFailing" computerName="SOREN_NORTH" duration="00:00:00.0006080" startTime="2026-08-03T12:11:08.9963908-04:00" endTime="2026-08-03T12:11:08.9963909-04:00" testType="13cdc9d9-ddb5-4fa4-a97d-d965ccfc6d4b" outcome="Passed" testListId="8c84fa94-04c1-424b-9868-57a2d4851a1d" relativeResultsDirectory="0be818f6-3fe2-4843-90bd-d43e7b1f36a5" />
    <UnitTestResult executionId="84c9839c-a6b9-4413-8906-a6ebe4e79e94" testId="6075146b-40c8-141c-78a5-563f096ece05" testName="CcDirector.Setup.Engine.Tests.PythonToolsCrashSafeTests.SwapDir_NoLiveDir_MovesStagedIntoPlace" computerName="SOREN_NORTH" duration="00:00:00.0116423" startTime="2026-08-03T12:11:08.8377998-04:00" endTime="2026-08-03T12:11:08.8377999-04:00" testType="13cdc9d9-ddb5-4fa4-a97d-d965ccfc6d4b" outcome="Passed" testListId="8c84fa94-04c1-424b-9868-57a2d4851a1d" relativeResultsDirectory="84c9839c-a6b9-4413-8906-a6ebe4e79e94" />
    <UnitTestResult executionId="09349165-94f4-4459-aeff-c81a4d6a66d3" testId="1db3a3b5-f2b5-af24-d601-0f20ddf74460" testName="CcDirector.Setup.Engine.Tests.VersionUtilTests.CanonicalTag_KeepsSuffixDropsDecorationAndLowercases(input: &quot;1.1.0-rc4&quot;, expected: &quot;1.1.0-rc4&quot;)" computerName="SOREN_NORTH" duration="00:00:00.0000014" startTime="2026-08-03T12:11:08.9390884-04:00" endTime="2026-08-03T12:11:08.9390885-04:00" testType="13cdc9d9-ddb5-4fa4-a97d-d965ccfc6d4b" outcome="Passed" testListId="8c84fa94-04c1-424b-9868-57a2d4851a1d" relativeResultsDirectory="09349165-94f4-4459-aeff-c81a4d6a66d3" />
    <UnitTestResult executionId="a009a2f3-4b51-412b-9ff8-4d928247a286" testId="5b5643bb-4882-545d-788f-ff0ff3a30f72" testName="CcDirector.Setup.Engine.Tests.PythonRuntimeProbeTests.CanImportStdlib_RealSystemPython_True" computerName="SOREN_NORTH" duration="00:00:30.1643385" startTime="2026-08-03T12:11:39.4409672-04:00" endTime="2026-08-03T12:11:39.4409677-04:00" testType="13cdc9d9-ddb5-4fa4-a97d-d965ccfc6d4b" outcome="Passed" testListId="8c84fa94-04c1-424b-9868-57a2d4851a1d" relativeResultsDirectory="a009a2f3-4b51-412b-9ff8-4d928247a286" />
    <UnitTestResult executionId="adaaa202-7b5b-40d1-9651-cea281471454" testId="87435d13-b67f-a008-bfd0-91ef9260f9ed" testName="CcDirector.Setup.Engine.Tests.VersionUtilTests.IsNewer_ComparesCorrectly(candidate: &quot;0.4.0&quot;, installed: &quot;0.3.9&quot;, expected: True)" computerName="SOREN_NORTH" duration="00:00:00.0000085" startTime="2026-08-03T12:11:08.9403909-04:00" endTime="2026-08-03T12:11:08.9403910-04:00" testType="13cdc9d9-ddb5-4fa4-a97d-d965ccfc6d4b" outcome="Passed" testListId="8c84fa94-04c1-424b-9868-57a2d4851a1d" relativeResultsDirectory="adaaa202-7b5b-40d1-9651-cea281471454" />
    <UnitTestResult executionId="4928a8c1-5230-449b-b67f-4eb98838f8dd" testId="c8e71fd6-402e-32de-193c-9f5b9840bb24" testName="CcDirector.Setup.Engine.Tests.ToolReconcilerTests.ReconcileAsync_EmptyToolsState_AnotherDirectorHoldsMutex_SkipsProvision" computerName="SOREN_NORTH" duration="00:00:00.0030171" startTime="2026-08-03T12:11:10.0145313-04:00" endTime="2026-08-03T12:11:10.0145316-04:00" testType="13cdc9d9-ddb5-4fa4-a97d-d965ccfc6d4b" outcome="Passed" testListId="8c84fa94-04c1-424b-9868-57a2d4851a1d" relativeResultsDirectory="4928a8c1-5230-449b-b67f-4eb98838f8dd" />
    <UnitTestResult executionId="d000afa4-d4c0-4f3b-8892-bd0fc04e144b" testId="09310fcd-743f-26c4-1132-d8935a1e1451" testName="CcDirector.Setup.Engine.Tests.AddRemoveProgramsTests.Unregister_WhenAbsent_ReturnsFalse" computerName="SOREN_NORTH" duration="00:00:00.0004087" startTime="2026-08-03T12:11:08.8303655-04:00" endTime="2026-08-03T12:11:08.8303657-04:00" testType="13cdc9d9-ddb5-4fa4-a97d-d965ccfc6d4b" outcome="Passed" testListId="8c84fa94-04c1-424b-9868-57a2d4851a1d" relativeResultsDirectory="d000afa4-d4c0-4f3b-8892-bd0fc04e144b" />
    <UnitTestResult executionId="2b7e58c9-a597-450d-bf11-11b8dd12f70c" testId="ac9d329f-10f7-f325-67d3-04ebea6c1a59" testName="CcDirector.Setup.Engine.Tests.ReleaseManifestTests.Parse_ReadsPerAssetVersions" computerName="SOREN_NORTH" duration="00:00:00.0033704" startTime="2026-08-03T12:11:08.8859183-04:00" endTime="2026-08-03T12:11:08.8859184-04:00" testType="13cdc9d9-ddb5-4fa4-a97d-d965ccfc6d4b" outcome="Passed" testListId="8c84fa94-04c1-424b-9868-57a2d4851a1d" relativeResultsDirectory="2b7e58c9-a597-450d-bf11-11b8dd12f70c" />
    <UnitTestResult executionId="66a65c4d-b499-467b-8691-91d8e90e5e5f" testId="d91ff36b-f854-d64c-4c52-93b72791bb47" testName="CcDirector.Setup.Engine.Tests.VersionUtilTests.HasPreReleaseSuffix_DetectsSuffixAfterStrippingDecoration(input: &quot;1.1.0&quot;, expected: False)" computerName="SOREN_NORTH" duration="00:00:00.0000018" startTime="2026-08-03T12:11:08.9397169-04:00" endTime="2026-08-03T12:11:08.9397170-04:00" testType="13cdc9d9-ddb5-4fa4-a97d-d965ccfc6d4b" outcome="Passed" testListId="8c84fa94-04c1-424b-9868-57a2d4851a1d" relativeResultsDirectory="66a65c4d-b499-467b-8691-91d8e90e5e5f" />
    <UnitTestResult executionId="e684ea07-a5e3-4087-802b-99019f706ae6" testId="7e6d3c2a-1bf9-042e-3df2-e5bab4c98ada" testName="CcDirector.Setup.Engine.Tests.LauncherLaunchdAutostartTests.PlistPath_IsUserLaunchAgentWithLabelFileName" computerName="SOREN_NORTH" duration="00:00:00.0005146" startTime="2026-08-03T12:11:08.9018828-04:00" endTime="2026-08-03T12:11:08.9018828-04:00" testType="13cdc9d9-ddb5-4fa4-a97d-d965ccfc6d4b" outcome="Passed" testListId="8c84fa94-04c1-424b-9868-57a2d4851a1d" relativeResultsDirectory="e684ea07-a5e3-4087-802b-99019f706ae6" />
    <UnitTestResult executionId="33529be7-c0c8-4038-bbca-334985349bec" testId="5dc6460e-92c4-6e7e-74bf-384a98b083d8" testName="CcDirector.Setup.Engine.Tests.ReleaseSourceTests.DownloadAssetAsync_LocalReleaseDir_ReportsCompletion" computerName="SOREN_NORTH" duration="00:00:00.0177206" startTime="2026-08-03T12:11:08.9995007-04:00" endTime="2026-08-03T12:11:08.9995010-04:00" testType="13cdc9d9-ddb5-4fa4-a97d-d965ccfc6d4b" outcome="Passed" testListId="8c84fa94-04c1-424b-9868-57a2d4851a1d" relativeResultsDirectory="33529be7-c0c8-4038-bbca-334985349bec" />
    <UnitTestResult executionId="68d0bb9c-6e23-462f-b8aa-85614f7bd23c" testId="85a02e05-a86f-a472-68a5-b6885cfba03f" testName="CcDirector.Setup.Engine.Tests.InstallLayoutTests.PathFor_Tool_IsInBinDir" computerName="SOREN_NORTH" duration="00:00:00.0001220" startTime="2026-08-03T12:11:08.9224374-04:00" endTime="2026-08-03T12:11:08.9224737-04:00" testType="13cdc9d9-ddb5-4fa4-a97d-d965ccfc6d4b" outcome="Passed" testListId="8c84fa94-04c1-424b-9868-57a2d4851a1d" relativeResultsDirectory="68d0bb9c-6e23-462f-b8aa-85614f7bd23c" />
    <UnitTestResult executionId="69795ee1-4cee-4526-bc5e-9e173a2c7a82" testId="48f3c056-3916-66e4-e07e-3f58231e93e3" testName="CcDirector.Setup.Engine.Tests.GatewayAccountEnrollRunnerTests.VerifyAndSaveAsync_CloudRegistrationFails_BlocksAndDoesNotPersist" computerName="SOREN_NORTH" duration="00:00:00.0024395" startTime="2026-08-03T12:11:08.9277889-04:00" endTime="2026-08-03T12:11:08.9277890-04:00" testType="13cdc9d9-ddb5-4fa4-a97d-d965ccfc6d4b" outcome="Passed" testListId="8c84fa94-04c1-424b-9868-57a2d4851a1d" relativeResultsDirectory="69795ee1-4cee-4526-bc5e-9e173a2c7a82" />
    <UnitTestResult executionId="fffadb4c-32d1-4a37-8c04-313be64ddf1b" testId="8a1955de-4901-a33b-ab46-a34962389f82" testName="CcDirector.Setup.Engine.Tests.VersionUtilTests.HasPreReleaseSuffix_DetectsSuffixAfterStrippingDecoration(input: &quot;   &quot;, expected: False)" computerName="SOREN_NORTH" duration="00:00:00.0000041" startTime="2026-08-03T12:11:08.9397706-04:00" endTime="2026-08-03T12:11:08.9397706-04:00" testType="13cdc9d9-ddb5-4fa4-a97d-d965ccfc6d4b" outcome="Passed" testListId="8c84fa94-04c1-424b-9868-57a2d4851a1d" relativeResultsDirectory="fffadb4c-32d1-4a37-8c04-313be64ddf1b" />
    <UnitTestResult executionId="589c6f90-954b-4799-9866-f0e826b5914e" testId="4b6c1e14-6f00-4e8c-af33-e63a87b25c72" testName="CcDirector.Setup.Engine.Tests.AddRemoveProgramsTests.Register_ThenIsRegistered_ThenUnregister_RoundTrips" computerName="SOREN_NORTH" duration="00:00:00.0019498" startTime="2026-08-03T12:11:08.8361871-04:00" endTime="2026-08-03T12:11:08.8361873-04:00" testType="13cdc9d9-ddb5-4fa4-a97d-d965ccfc6d4b" outcome="Passed" testListId="8c84fa94-04c1-424b-9868-57a2d4851a1d" relativeResultsDirectory="589c6f90-954b-4799-9866-f0e826b5914e" />
    <UnitTestResult executionId="856c40de-41c0-42fb-a02f-3a32927319b3" testId="f439834e-690d-ea6c-ac86-4b578d85b549" testName="CcDirector.Setup.Engine.Tests.InstalledManifestTests.Reader_AbsentFile_IsNotPresent_RegardlessOfManifest" computerName="SOREN_NORTH" duration="00:00:00.0020435" startTime="2026-08-03T12:11:08.8400066-04:00" endTime="2026-08-03T12:11:08.8400067-04:00" testType="13cdc9d9-ddb5-4fa4-a97d-d965ccfc6d4b" outcome="Passed" testListId="8c84fa94-04c1-424b-9868-57a2d4851a1d" relativeResultsDirectory="856c40de-41c0-42fb-a02f-3a32927319b3" />
    <UnitTestResult executionId="76528c75-4c4d-4118-ad48-6338c11ff2c6" testId="563f0ea2-59e9-846f-baa3-329980a598f7" testName="CcDirector.Setup.Engine.Tests.PythonToolsCrashSafeTests.SwapDir_LiveHasOpenFile_FailsAndLeavesLiveIntact" computerName="SOREN_NORTH" duration="00:00:00.0040178" startTime="2026-08-03T12:11:14.1674592-04:00" endTime="2026-08-03T12:11:14.1674592-04:00" testType="13cdc9d9-ddb5-4fa4-a97d-d965ccfc6d4b" outcome="Passed" testListId="8c84fa94-04c1-424b-9868-57a2d4851a1d" relativeResultsDirectory="76528c75-4c4d-4118-ad48-6338c11ff2c6" />
    <UnitTestResult executionId="7c7e554d-7068-4eda-ad7d-116d106fc54c" testId="03180a50-136b-d654-e6d9-9dc66cab75a3" testName="CcDirector.Setup.Engine.Tests.GatewaySelfUpdateTests.Apply_HealthyNewBuild_Swaps_RecordsVersion_NoPin" computerName="SOREN_NORTH" duration="00:00:00.4715461" startTime="2026-08-03T12:11:08.8240739-04:00" endTime="2026-08-03T12:11:08.8240740-04:00" testType="13cdc9d9-ddb5-4fa4-a97d-d965ccfc6d4b" outcome="Passed" testListId="8c84fa94-04c1-424b-9868-57a2d4851a1d" relativeResultsDirectory="7c7e554d-7068-4eda-ad7d-116d106fc54c" />
    <UnitTestResult executionId="77be1507-c79c-4056-9b97-4fc1df10300b" testId="c2975b9f-54e0-4cea-d29d-56f03cf11f16" testName="CcDirector.Setup.Engine.Tests.SelfHostOrchestratorTests.RunAsync_StepFails_LaterStepsNeverRun" computerName="SOREN_NORTH" duration="00:00:00.0007907" startTime="2026-08-03T12:11:08.9913110-04:00" endTime="2026-08-03T12:11:08.9913111-04:00" testType="13cdc9d9-ddb5-4fa4-a97d-d965ccfc6d4b" outcome="Passed" testListId="8c84fa94-04c1-424b-9868-57a2d4851a1d" relativeResultsDirectory="77be1507-c79c-4056-9b97-4fc1df10300b" />
    <UnitTestResult executionId="05247520-848d-4c83-aa9d-4dd48225b897" testId="f7b1927e-52d0-6d19-a9f5-d578962c0e49" testName="CcDirector.Setup.Engine.Tests.VersionUtilTests.HasPreReleaseSuffix_DetectsSuffixAfterStrippingDecoration(input: null, expected: False)" computerName="SOREN_NORTH" duration="00:00:00.0000018" startTime="2026-08-03T12:11:08.9402959-04:00" endTime="2026-08-03T12:11:08.9402961-04:00" testType="13cdc9d9-ddb5-4fa4-a97d-d965ccfc6d4b" outcome="Passed" testListId="8c84fa94-04c1-424b-9868-57a2d4851a1d" relativeResultsDirectory="05247520-848d-4c83-aa9d-4dd48225b897" />
    <UnitTestResult executionId="a5b413b6-c15f-493d-8688-5435844e9281" testId="c02e6629-a81b-1de8-c144-50ae8aeec104" testName="CcDirector.Setup.Engine.Tests.MacBundlePurgerTests.IsBundleName_MatchesOnlyExactAndNumberedForms(name: &quot;Director Dev.app&quot;, baseName: &quot;Director&quot;, expected: False)" computerName="SOREN_NORTH" duration="00:00:00.0041199" startTime="2026-08-03T12:11:08.8095596-04:00" endTime="2026-08-03T12:11:08.8095597-04:00" testType="13cdc9d9-ddb5-4fa4-a97d-d965ccfc6d4b" outcome="Passed" testListId="8c84fa94-04c1-424b-9868-57a2d4851a1d" relativeResultsDirectory="a5b413b6-c15f-493d-8688-5435844e9281" />
[...]
    <TestEntry testId="5aad44dc-886a-8a86-76b7-dc699f0dff0a" executionId="b7a3ece8-953f-4d10-bac3-3bde173ab3b7" testListId="8c84fa94-04c1-424b-9868-57a2d4851a1d" />
    <TestEntry testId="430eca97-bc80-4260-3faa-4dcf34c3426a" executionId="e687c461-be64-49aa-9ef7-aac6bcc86fe0" testListId="8c84fa94-04c1-424b-9868-57a2d4851a1d" />
    <TestEntry testId="f39a22bd-0ea5-1bbe-57b3-5acd236bfc62" executionId="fa6abb72-4b80-4d49-ac1e-ba62b8358a5c" testListId="8c84fa94-04c1-424b-9868-57a2d4851a1d" />
    <TestEntry testId="f75d5873-41e7-0f1a-efcb-a9dc26a4470e" executionId="086ea360-4d8b-4a2f-9d92-b91f43f50fed" testListId="8c84fa94-04c1-424b-9868-57a2d4851a1d" />
    <TestEntry testId="1f9a7230-6a8e-19e2-3ce0-668d18e3b55f" executionId="f47cb9f5-221d-42e5-a435-d66f064f3dc0" testListId="8c84fa94-04c1-424b-9868-57a2d4851a1d" />
    <TestEntry testId="153b6113-0487-3059-a9a8-e8c849d252a7" executionId="b542f2e9-600e-40ca-bc68-d855c477d0f1" testListId="8c84fa94-04c1-424b-9868-57a2d4851a1d" />
    <TestEntry testId="93868a58-5ba5-e042-3383-3c2e937f74d1" executionId="47bdd98d-abb7-4b07-9657-a1b8e2df14db" testListId="8c84fa94-04c1-424b-9868-57a2d4851a1d" />
    <TestEntry testId="df056922-fe75-5665-83e9-ae3cd7c2b53d" executionId="b4e11f54-a541-4a25-aa12-3642915b95ff" testListId="8c84fa94-04c1-424b-9868-57a2d4851a1d" />
    <TestEntry testId="56799d91-950b-1978-3db9-eb5b501bb988" executionId="70829277-9709-4258-b9c5-aef4be557a6e" testListId="8c84fa94-04c1-424b-9868-57a2d4851a1d" />
    <TestEntry testId="3029f550-4975-efde-7ee4-ee772258108d" executionId="5bbbfe5b-48b0-417e-b56f-781baf6fda50" testListId="8c84fa94-04c1-424b-9868-57a2d4851a1d" />
    <TestEntry testId="fe6809b5-3ef0-817a-ff10-da94a9cc3a81" executionId="e67f537c-64f4-4779-af36-5d31b909b36f" testListId="8c84fa94-04c1-424b-9868-57a2d4851a1d" />
    <TestEntry testId="56c1c92e-13bb-5e22-417b-0189d75b0459" executionId="1f607a32-cf3d-430b-852e-680ede867244" testListId="8c84fa94-04c1-424b-9868-57a2d4851a1d" />
    <TestEntry testId="dc5ac67b-9e62-8af4-9082-7797441c98f9" executionId="eec3d58c-cf61-4f9e-b506-a3633d715472" testListId="8c84fa94-04c1-424b-9868-57a2d4851a1d" />
    <TestEntry testId="e54986c8-eb0a-d724-004b-c41846ce0558" executionId="ff2540ed-0595-43cd-8d67-81f3e468d548" testListId="8c84fa94-04c1-424b-9868-57a2d4851a1d" />
    <TestEntry testId="18f9f398-0130-3fa8-869d-e5a2aeccfc2f" executionId="f1b292ec-8a69-4fca-a2a1-7e7b34799490" testListId="8c84fa94-04c1-424b-9868-57a2d4851a1d" />
    <TestEntry testId="7ab0a94c-f1f7-fc44-ad41-4d71acb048f6" executionId="70e6840a-febd-4240-86f2-4bc8179fb3aa" testListId="8c84fa94-04c1-424b-9868-57a2d4851a1d" />
    <TestEntry testId="253bb937-7de7-2c67-3e58-daf6c7fe306b" executionId="786603f2-66c6-4c94-ac9c-cacd29080ec7" testListId="8c84fa94-04c1-424b-9868-57a2d4851a1d" />
    <TestEntry testId="3d3d2da4-8563-f3fe-2395-85b92d8eb47d" executionId="94120ec8-fe9b-42c4-aea6-4925e7dd5fe7" testListId="8c84fa94-04c1-424b-9868-57a2d4851a1d" />
    <TestEntry testId="4bc7dceb-4f6b-8a87-259e-8bc285b7cc71" executionId="63d77efb-9506-49f8-afab-a1c363adebe3" testListId="8c84fa94-04c1-424b-9868-57a2d4851a1d" />
    <TestEntry testId="8104fde7-608e-b692-5a91-7cf4b1121f9f" executionId="8814f160-8483-428c-bbbd-ef256f125265" testListId="8c84fa94-04c1-424b-9868-57a2d4851a1d" />
    <TestEntry testId="da8245bf-a7b3-b40b-b6f4-c35e48fd3198" executionId="f7653707-9f3e-4c95-80bf-79abd61385ac" testListId="8c84fa94-04c1-424b-9868-57a2d4851a1d" />
    <TestEntry testId="f7896412-2e20-ec41-2930-f3fe593b501f" executionId="5fb6f29a-9016-47d4-a554-f4de61b4b149" testListId="8c84fa94-04c1-424b-9868-57a2d4851a1d" />
    <TestEntry testId="1f4db8a2-7e29-9dd2-92a1-94344310ecc9" executionId="50162e7e-b65f-4625-8762-a911a17c4f39" testListId="8c84fa94-04c1-424b-9868-57a2d4851a1d" />
    <TestEntry testId="eaa17460-084f-a74f-5759-82bccea10433" executionId="46a811c1-e3ca-4582-a066-df6f2a2b3686" testListId="8c84fa94-04c1-424b-9868-57a2d4851a1d" />
    <TestEntry testId="26be1652-7817-6344-fe2a-a58509d7fba4" executionId="3e74dcd1-a9e3-4918-b8a9-948205a5860e" testListId="8c84fa94-04c1-424b-9868-57a2d4851a1d" />
    <TestEntry testId="e937ec7c-77f7-a7b6-a049-97ed0e4bb3e8" executionId="48016dae-9050-4d2e-9842-8c73ea473095" testListId="8c84fa94-04c1-424b-9868-57a2d4851a1d" />
    <TestEntry testId="3f3cc3b8-b91b-70c8-69f3-2c1c7bc99375" executionId="9dcc369b-bd61-401e-bfdc-b4b86bbeaefd" testListId="8c84fa94-04c1-424b-9868-57a2d4851a1d" />
    <TestEntry testId="14f0a5e8-9c12-4c46-0d9b-d251a4a54711" executionId="1ce875fa-16ad-4459-adcc-64b3843dc0e9" testListId="8c84fa94-04c1-424b-9868-57a2d4851a1d" />
    <TestEntry testId="9cc217b0-aeb9-07b9-7f36-915da7b07b60" executionId="ecaefc62-3713-498c-b2bd-155678837357" testListId="8c84fa94-04c1-424b-9868-57a2d4851a1d" />
    <TestEntry testId="b89cf396-8b69-efb0-7302-c838f8f8eccb" executionId="dac4aaf7-6afe-40fe-ae72-2c13a4cf2873" testListId="8c84fa94-04c1-424b-9868-57a2d4851a1d" />
    <TestEntry testId="fe56f2cd-e6e1-25c0-a5d7-79007802d428" executionId="52d0f024-4caf-4e1b-9d5f-2ed2a7b049ad" testListId="8c84fa94-04c1-424b-9868-57a2d4851a1d" />
    <TestEntry testId="59e2e58a-ac48-0005-bc17-47734149e3b1" executionId="b4b82fb6-96a8-44fe-9904-d32a7e67ff4a" testListId="8c84fa94-04c1-424b-9868-57a2d4851a1d" />
    <TestEntry testId="34cca9c9-1f7c-d44a-c88e-b6f18528a316" executionId="6b58afe4-009b-4cc9-840d-b29810053aab" testListId="8c84fa94-04c1-424b-9868-57a2d4851a1d" />
    <TestEntry testId="b81bbd83-e219-0a8e-e080-1688b9326d5f" executionId="a6b2f383-642a-4f09-8eba-71978086fdaf" testListId="8c84fa94-04c1-424b-9868-57a2d4851a1d" />
    <TestEntry testId="4acf2016-ef1e-5563-6cd5-d6ae69c3060b" executionId="7c185482-1b31-4d6d-be9f-f1751c5dfe8d" testListId="8c84fa94-04c1-424b-9868-57a2d4851a1d" />
    <TestEntry testId="eadccc8d-1ab4-18cf-5947-009d780a3cf9" executionId="303afe89-673e-4ac4-bdbf-eaf0a6468a9a" testListId="8c84fa94-04c1-424b-9868-57a2d4851a1d" />
    <TestEntry testId="47ca7ada-7700-b3c6-b9dc-9586b3276d98" executionId="4a69011a-49de-44c1-875f-d4a7a5ac34f1" testListId="8c84fa94-04c1-424b-9868-57a2d4851a1d" />
    <TestEntry testId="a84a55ae-dfae-35d2-efa7-7ca3b9e91535" executionId="e1c9fbd4-64e9-4fd4-a446-3b0b046c256f" testListId="8c84fa94-04c1-424b-9868-57a2d4851a1d" />
    <TestEntry testId="244d5cc6-d042-dea7-20dc-6712ef69f815" executionId="7dca7959-63b1-4872-977d-f3a7c9a2f24a" testListId="8c84fa94-04c1-424b-9868-57a2d4851a1d" />
    <TestEntry testId="1e30b2a9-90e5-ea2e-c9d4-48f97a4e8ab5" executionId="6a078604-898b-4279-bc85-701332b88c47" testListId="8c84fa94-04c1-424b-9868-57a2d4851a1d" />
    <TestEntry testId="7674ccb6-696f-3fc4-1e61-e876a30e6ba8" executionId="d3e15fda-a74a-47a5-9e50-9d6be9318c17" testListId="8c84fa94-04c1-424b-9868-57a2d4851a1d" />
    <TestEntry testId="49449d1c-83ed-44e5-e540-f954e7296144" executionId="195a8539-cf1e-4a9b-abcf-8a670f47eb65" testListId="8c84fa94-04c1-424b-9868-57a2d4851a1d" />
    <TestEntry testId="09fd945f-d4fe-c498-7c05-4b634b169f4a" executionId="310ec669-655a-4472-adea-a30e09bf3f8a" testListId="8c84fa94-04c1-424b-9868-57a2d4851a1d" />
    <TestEntry testId="261a48d3-3eec-5eae-6f29-27722b314fd4" executionId="9ef38240-b176-4016-8475-4206126d19bf" testListId="8c84fa94-04c1-424b-9868-57a2d4851a1d" />
    <TestEntry testId="3269f8f3-a9af-3d3e-e965-8de477681961" executionId="a32a883a-91e5-4ca5-9365-4f7c79f2aa6d" testListId="8c84fa94-04c1-424b-9868-57a2d4851a1d" />
    <TestEntry testId="7eed235e-a767-f6e4-919d-57a9b29e1d9d" executionId="066f3942-565c-4118-b6cb-15964e7d98cb" testListId="8c84fa94-04c1-424b-9868-57a2d4851a1d" />
    <TestEntry testId="29ff4a84-bb54-a3bf-531a-227be998fbf2" executionId="5b31d140-6f97-4f7e-b9f5-29f57cf1d6cb" testListId="8c84fa94-04c1-424b-9868-57a2d4851a1d" />
    <TestEntry testId="55973d7c-1c7e-3b40-f5e1-bae272e91505" executionId="67a7d1aa-2e98-4678-8362-e20d16ebb308" testListId="8c84fa94-04c1-424b-9868-57a2d4851a1d" />
    <TestEntry testId="828d78c7-0cac-2a19-0996-59374097732c" executionId="a4b82048-14f0-489e-a3e2-06c71eccbb5b" testListId="8c84fa94-04c1-424b-9868-57a2d4851a1d" />
    <TestEntry testId="bda06c7c-bec4-dd20-1b80-b86169d09ba7" executionId="e9a6f81a-3801-4e8d-a089-83cb77b642d6" testListId="8c84fa94-04c1-424b-9868-57a2d4851a1d" />
    <TestEntry testId="d9d2ba6b-6b4e-3e27-41cc-aa5e1109a76c" executionId="fa83199f-5e48-47a5-85d1-afd2d2e4a209" testListId="8c84fa94-04c1-424b-9868-57a2d4851a1d" />
    <TestEntry testId="017ef3f5-2161-23bc-eb45-9ec0f2645126" executionId="96b63f28-83f3-485f-9f20-1980e8f13a39" testListId="8c84fa94-04c1-424b-9868-57a2d4851a1d" />
    <TestEntry testId="a82fc2dd-0c8d-40fc-5eb9-7205f3c77e4e" executionId="936992cc-360a-4644-984e-c48016c37391" testListId="8c84fa94-04c1-424b-9868-57a2d4851a1d" />
    <TestEntry testId="0402204a-68b1-e229-f229-a57abaf9e428" executionId="d5ac3590-e43c-4ee8-b99f-ff0f14e5972d" testListId="8c84fa94-04c1-424b-9868-57a2d4851a1d" />
    <TestEntry testId="61d28a80-27b6-1f8d-648d-86a2d9ddd046" executionId="f12fa3cd-5ea8-487f-8b53-b66bb4d2b139" testListId="8c84fa94-04c1-424b-9868-57a2d4851a1d" />
    <TestEntry testId="9cba6c70-b7a1-4dcc-7208-2603ca264ebf" executionId="e386bfda-9e6c-4fda-b62c-80ef20b8920b" testListId="8c84fa94-04c1-424b-9868-57a2d4851a1d" />
    <TestEntry testId="7865ba38-216d-829d-cd50-0beb975ee125" executionId="198f7c5d-eae8-425e-9e5b-64f92ae977ac" testListId="8c84fa94-04c1-424b-9868-57a2d4851a1d" />
    <TestEntry testId="1bc4aef8-ebdc-9c4f-90b5-f05df94550fe" executionId="b7376b9d-4fd9-45e7-a0e5-9d1e81231879" testListId="8c84fa94-04c1-424b-9868-57a2d4851a1d" />
    <TestEntry testId="45abef47-7cec-1841-d8e2-4a2028a63fbf" executionId="cdf08ec7-23c5-4a97-a5af-84ae263ef7f9" testListId="8c84fa94-04c1-424b-9868-57a2d4851a1d" />
    <TestEntry testId="73deab9e-d3d7-8442-eef8-340eee4b43eb" executionId="0cb73740-ef65-4857-bc02-a0158c9d700a" testListId="8c84fa94-04c1-424b-9868-57a2d4851a1d" />
    <TestEntry testId="e0a33687-1245-a5ce-0da3-0d2a500ceb52" executionId="078f03cd-8ca6-4057-a231-33f0eb55cff1" testListId="8c84fa94-04c1-424b-9868-57a2d4851a1d" />
    <TestEntry testId="663c6149-13a9-acda-0046-d965cd83cddf" executionId="2db428d4-ec61-4126-ae93-a6b5bdf5afa2" testListId="8c84fa94-04c1-424b-9868-57a2d4851a1d" />
    <TestEntry testId="7bf68baf-4703-ed6f-5a09-13ff6ec71ce0" executionId="d0189131-2101-4b93-b2db-f6f94e7a87a6" testListId="8c84fa94-04c1-424b-9868-57a2d4851a1d" />
    <TestEntry testId="718dfc99-4eb1-8663-c2c3-a0e65756c6eb" executionId="eaf3b892-8dfe-4c51-8227-ce49a0923270" testListId="8c84fa94-04c1-424b-9868-57a2d4851a1d" />
    <TestEntry testId="ce976161-d847-8de4-45af-8cc46e890f51" executionId="e94df6ae-f909-44de-b303-bafb20e51eae" testListId="8c84fa94-04c1-424b-9868-57a2d4851a1d" />
    <TestEntry testId="567d040d-e778-7953-1066-1303179bb575" executionId="8c221ef1-b45b-48b1-93f5-50233af59717" testListId="8c84fa94-04c1-424b-9868-57a2d4851a1d" />
    <TestEntry testId="05438c11-6b79-7a46-9adf-accf226671fa" executionId="b93b5940-1840-4fb7-a9e7-96197cd1e614" testListId="8c84fa94-04c1-424b-9868-57a2d4851a1d" />
    <TestEntry testId="29dd9bfb-8a57-16c4-ae67-2a00633256b9" executionId="16459b11-9d6d-4def-98d3-081c43b415df" testListId="8c84fa94-04c1-424b-9868-57a2d4851a1d" />
    <TestEntry testId="9a6d97b5-626f-84b6-a471-32d4b609e0b1" executionId="0cd75c2e-6024-40e0-91d1-decb1dc8b002" testListId="8c84fa94-04c1-424b-9868-57a2d4851a1d" />
    <TestEntry testId="95540e1b-ea59-2632-ea4f-e888d5a4cf9e" executionId="af1429f0-8fd3-451e-8e42-269a073b8e43" testListId="8c84fa94-04c1-424b-9868-57a2d4851a1d" />
    <TestEntry testId="700de6de-1a40-c57f-d35b-c59ee3fe0659" executionId="5900c987-91ef-46c7-a58d-25e420df2252" testListId="8c84fa94-04c1-424b-9868-57a2d4851a1d" />
    <TestEntry testId="ec6161d5-dc5f-1724-31b6-72faf1882f9a" executionId="50c34008-1cad-4756-9f46-575d3d80188e" testListId="8c84fa94-04c1-424b-9868-57a2d4851a1d" />
    <TestEntry testId="a3197b1e-075c-8eac-3a5e-c7ba68330d0f" executionId="cc173658-b0e5-4f65-bbbe-4db157074dab" testListId="8c84fa94-04c1-424b-9868-57a2d4851a1d" />
    <TestEntry testId="7a30722a-1d27-8af4-807b-3f3ce1e1dbdc" executionId="e38380c6-e8d1-4a73-943b-7e40b00cf710" testListId="8c84fa94-04c1-424b-9868-57a2d4851a1d" />
    <TestEntry testId="0d1a12a4-e981-e0c9-7e07-8b99583fe440" executionId="0c53a409-10f8-4660-a218-ebbc9a2be2a8" testListId="8c84fa94-04c1-424b-9868-57a2d4851a1d" />
    <TestEntry testId="ce1de343-9005-431d-27fa-2f92dd7e305e" executionId="ee3d71bb-0c61-4f33-b20d-852d0af2c33d" testListId="8c84fa94-04c1-424b-9868-57a2d4851a1d" />
    <TestEntry testId="5856c854-8daa-7c3e-8eea-c0dc9f5569ca" executionId="2dd77274-13ce-4669-b62d-1be811defc11" testListId="8c84fa94-04c1-424b-9868-57a2d4851a1d" />
    <TestEntry testId="12a6032d-82aa-7085-ac7a-8ca66c0b2d31" executionId="d0f29545-2a7e-4c81-a194-966664d06b08" testListId="8c84fa94-04c1-424b-9868-57a2d4851a1d" />
    <TestEntry testId="be756fe5-b3a9-8cb1-a390-46d71fd30243" executionId="f60588b1-6119-4663-813f-b8b394c31092" testListId="8c84fa94-04c1-424b-9868-57a2d4851a1d" />
    <TestEntry testId="6c7ac92c-bb0e-fe88-0e57-2ed4affe8d7e" executionId="a6b7ee88-9a7a-4d8a-a5c1-e767b11f7b8a" testListId="8c84fa94-04c1-424b-9868-57a2d4851a1d" />
    <TestEntry testId="d66c67e7-81f5-20e1-e024-3d5e07385979" executionId="6fc7f339-6f55-4f13-af88-8e124737f87d" testListId="8c84fa94-04c1-424b-9868-57a2d4851a1d" />
    <TestEntry testId="9aac411f-80b8-436b-bf0c-02b3cf4a02e5" executionId="8a3227a4-dd83-4d5d-8ed3-f4f237ea2d93" testListId="8c84fa94-04c1-424b-9868-57a2d4851a1d" />
    <TestEntry testId="520dfdae-4a14-a577-93b5-e75aa73f9b96" executionId="98d5b551-8e24-4f07-86db-ad962ca24d0e" testListId="8c84fa94-04c1-424b-9868-57a2d4851a1d" />
    <TestEntry testId="147b0537-f206-7e02-1b47-64483335289f" executionId="a86a44f1-c491-4dc4-b028-96d7d09b71da" testListId="8c84fa94-04c1-424b-9868-57a2d4851a1d" />
    <TestEntry testId="0f50225c-fc7c-5b1d-df55-6010e48291fb" executionId="b512d870-dbdd-49cc-a6ca-8b4ea4209020" testListId="8c84fa94-04c1-424b-9868-57a2d4851a1d" />
    <TestEntry testId="ffcdddac-adb8-b2ad-e45b-d00d0b770b4b" executionId="ee0e4c89-96b2-4121-a449-2440bc23e500" testListId="8c84fa94-04c1-424b-9868-57a2d4851a1d" />
    <TestEntry testId="a031d8e5-b2e9-cf8a-165f-d1e912f72a34" executionId="b6249894-49c1-4689-93a3-3c5fd18111ce" testListId="8c84fa94-04c1-424b-9868-57a2d4851a1d" />
    <TestEntry testId="0e43673b-590d-f979-7c4d-b52692fcdd06" executionId="592f5b7b-e4e4-46ac-8570-b4df6e8b9d6c" testListId="8c84fa94-04c1-424b-9868-57a2d4851a1d" />
    <TestEntry testId="3271c549-157e-2d73-5d8b-1c6c8ed998e4" executionId="9ab93a53-b95e-4851-860a-96deae2f536b" testListId="8c84fa94-04c1-424b-9868-57a2d4851a1d" />
    <TestEntry testId="91b132f1-f50a-75e4-b92c-f5601d4abf0a" executionId="6bfd6137-92ed-4d8b-9bdd-4e0299f7882c" testListId="8c84fa94-04c1-424b-9868-57a2d4851a1d" />
    <TestEntry testId="a215e851-72c5-12ae-19cf-e4acf2df95ee" executionId="1dc60be6-e228-4e8b-b3ef-f9448c0f4f40" testListId="8c84fa94-04c1-424b-9868-57a2d4851a1d" />
    <TestEntry testId="84691d4a-af3f-32b4-5460-120f13277b84" executionId="07a72e9f-bb2b-48c5-bca4-4f1788bccfdc" testListId="8c84fa94-04c1-424b-9868-57a2d4851a1d" />
    <TestEntry testId="3a5a387c-c7c2-a45c-24dd-d124a7e66472" executionId="07200532-7593-480e-af9e-74e010e12483" testListId="8c84fa94-04c1-424b-9868-57a2d4851a1d" />
    <TestEntry testId="90a5f746-957a-6ef1-63a2-a54f47f45222" executionId="e258ca29-d8b5-4577-af1e-194303b318db" testListId="8c84fa94-04c1-424b-9868-57a2d4851a1d" />
    <TestEntry testId="f81bf28c-bc25-90a0-3f02-cbe6e789c35a" executionId="079c1852-14f6-4202-bf0f-7369227cc9ae" testListId="8c84fa94-04c1-424b-9868-57a2d4851a1d" />
    <TestEntry testId="35fcae4d-d4df-e736-cea3-2aac387e4d6b" executionId="a35a32c4-1c31-4001-bb67-5033527f2bba" testListId="8c84fa94-04c1-424b-9868-57a2d4851a1d" />
    <TestEntry testId="68e85e70-1627-f434-5bcb-4b81960f1926" executionId="199f83ea-1b2b-4d30-99f4-52098fa7e060" testListId="8c84fa94-04c1-424b-9868-57a2d4851a1d" />
    <TestEntry testId="a8b24252-2496-66be-2b76-bb055a4f6467" executionId="c9539f61-58f2-41ba-acbb-1ce3687c4a19" testListId="8c84fa94-04c1-424b-9868-57a2d4851a1d" />
    <TestEntry testId="5b0ccc5a-fe2a-ee59-96fd-7dc646dbc033" executionId="2f82988a-d494-4c59-9f74-12a3f78d4812" testListId="8c84fa94-04c1-424b-9868-57a2d4851a1d" />
    <TestEntry testId="241bb725-c775-af37-e52a-b40d2510c070" executionId="98b6d47c-fcd6-4f00-8e13-dca9e7f5be58" testListId="8c84fa94-04c1-424b-9868-57a2d4851a1d" />
    <TestEntry testId="596af4fe-ff82-d9fb-9993-bbe7e69ad0b7" executionId="4f598b87-0e0d-4713-aa7e-a0eb187230f7" testListId="8c84fa94-04c1-424b-9868-57a2d4851a1d" />
    <TestEntry testId="4dfab7e1-30a8-a227-0412-e5997200c4a4" executionId="5e398fdb-adde-48c4-a2ad-994b7afbb06c" testListId="8c84fa94-04c1-424b-9868-57a2d4851a1d" />
  </TestEntries>
  <TestLists>
    <TestList name="Results Not in a List" id="8c84fa94-04c1-424b-9868-57a2d4851a1d" />
    <TestList name="All Loaded Results" id="19431567-8539-422a-85d7-44ee4e166bda" />
  </TestLists>
  <ResultSummary outcome="Failed">
    <Counters total="453" executed="453" passed="451" failed="2" error="0" timeout="0" aborted="0" inconclusive="0" passedButRunAborted="0" notRunnable="0" notExecuted="0" disconnected="0" warning="0" completed="0" inProgress="0" pending="0" />
    <Output>
      <StdOut>[xUnit.net 00:00:00.00] xUnit.net VSTest Adapter v2.8.2+699d445a1a (64-bit .NET 10.0.10)&#xD;
[xUnit.net 00:00:00.08]   Discovering: CcDirector.Setup.Engine.Tests&#xD;
[xUnit.net 00:00:00.14]   Discovered:  CcDirector.Setup.Engine.Tests&#xD;
[xUnit.net 00:00:00.14]   Starting:    CcDirector.Setup.Engine.Tests&#xD;
Pinging 127.0.0.1 with 32 bytes of data:&#xD;
Reply from 127.0.0.1: bytes=32 time&lt;1ms TTL=128&#xD;
Reply from 127.0.0.1: bytes=32 time&lt;1ms TTL=128&#xD;
Reply from 127.0.0.1: bytes=32 time&lt;1ms TTL=128&#xD;
[xUnit.net 00:00:05.99]       System.TimeoutException : waited 0 min for the shared Python install lock&#xD;
[xUnit.net 00:00:05.99]       Stack Trace:&#xD;
[xUnit.net 00:00:05.99]         D:\ReposFred\dt-backoff-clock\tools\cc-director-setup-engine\PythonToolsInstaller.cs(717,0): at CcDirector.Setup.Engine.SharedInstallLock.Acquire(TimeSpan timeout)&#xD;
[xUnit.net 00:00:05.99]         D:\ReposFred\dt-backoff-clock\tools\cc-director-setup-engine.Tests\PythonToolsCrashSafeTests.cs(139,0): at CcDirector.Setup.Engine.Tests.PythonToolsCrashSafeTests.SharedInstallLock_HeldByAnotherThread_TimesOut()&#xD;
[xUnit.net 00:00:05.99]            at System.Reflection.MethodBaseInvoker.InterpretedInvoke_Method(Object obj, IntPtr* args)&#xD;
[xUnit.net 00:00:05.99]            at System.Reflection.MethodBaseInvoker.InvokeWithNoArgs(Object obj, BindingFlags invokeAttr)&#xD;
[xUnit.net 00:00:31.23]       managed shim survived a failed venv rebuild (would point at a missing target)&#xD;
[xUnit.net 00:00:31.23]       Stack Trace:&#xD;
[xUnit.net 00:00:31.23]         D:\ReposFred\dt-backoff-clock\tools\cc-director-setup-engine.Tests\PythonToolsHealAndShimTests.cs(204,0): at CcDirector.Setup.Engine.Tests.PythonToolsHealAndShimTests.InstallAsync_FailedVenvRebuild_LeavesNoManagedShim()&#xD;
[xUnit.net 00:00:31.23]         --- End of stack trace from previous location ---&#xD;
[xUnit.net 00:00:31.57]   Finished:    CcDirector.Setup.Engine.Tests&#xD;
</StdOut>
    </Output>
    <RunInfos>
      <RunInfo computerName="SOREN_NORTH" outcome="Error" timestamp="2026-08-03T12:11:14.1654654-04:00">
        <Text>[xUnit.net 00:00:05.99]     CcDirector.Setup.Engine.Tests.PythonToolsCrashSafeTests.SharedInstallLock_HeldByAnotherThread_TimesOut [FAIL]</Text>
      </RunInfo>
      <RunInfo computerName="SOREN_NORTH" outcome="Error" timestamp="2026-08-03T12:11:39.4065420-04:00">
        <Text>[xUnit.net 00:00:31.23]     CcDirector.Setup.Engine.Tests.PythonToolsHealAndShimTests.InstallAsync_FailedVenvRebuild_LeavesNoManagedShim [FAIL]</Text>
      </RunInfo>
    </RunInfos>
  </ResultSummary>
</TestRun>